<html>
<head>
<title>TestNG:  Test</title>
<link href="../testng.css" rel="stylesheet" type="text/css" />
<link href="../my-testng.css" rel="stylesheet" type="text/css" />

<style type="text/css">
.log { display: none;} 
.stack-trace { display: none;} 
</style>
<script type="text/javascript">
<!--
function flip(e) {
  current = e.style.display;
  if (current == 'block') {
    e.style.display = 'none';
    return 0;
  }
  else {
    e.style.display = 'block';
    return 1;
  }
}

function toggleBox(szDivId, elem, msg1, msg2)
{
  var res = -1;  if (document.getElementById) {
    res = flip(document.getElementById(szDivId));
  }
  else if (document.all) {
    // this is the way old msie versions work
    res = flip(document.all[szDivId]);
  }
  if(elem) {
    if(res == 0) elem.innerHTML = msg1; else elem.innerHTML = msg2;
  }

}

function toggleAllBoxes() {
  if (document.getElementsByTagName) {
    d = document.getElementsByTagName('div');
    for (i = 0; i < d.length; i++) {
      if (d[i].className == 'log') {
        flip(d[i]);
      }
    }
  }
}

// -->
</script>

</head>
<body>
<h2 align='center'>Test</h2><table border='1' align="center">
<tr>
<td>Tests passed/Failed/Skipped:</td><td>11/3/0</td>
</tr><tr>
<td>Started on:</td><td>Tue Jun 25 15:57:04 IST 2024</td>
</tr>
<tr><td>Total time:</td><td>68 seconds (68203 ms)</td>
</tr><tr>
<td>Included groups:</td><td>regression </td>
</tr><tr>
<td>Excluded groups:</td><td></td>
</tr>
</table><p/>
<small><i>(Hover the method name to see the test class name)</i></small><p/>
<table width='100%' border='1' class='invocation-failed'>
<tr><td colspan='4' align='center'><b>FAILED TESTS</b></td></tr>
<tr><td><b>Test method</b></td>
<td width="30%"><b>Exception</b></td>
<td width="10%"><b>Time (seconds)</b></td>
<td><b>Instance</b></td>
</tr>
<tr>
<td title='TestScript.TestRegister.VerifyRegisterPage()'><b>VerifyRegisterPage</b><br>Test class: TestScript.TestRegister<br>Parameters: Vaibhav, Deshmukh, Dhankawadi, vaibhavmdeshmukh39@gmail.com, 9.527279639E9, Male, Cricket, Hindi, English, Java, India, 1994.0, May, 8.0, Vaibhav@123, Vaibhav@123, D:\Vaibhav Study\Software Testing\Automation Testing\eclipse\DemoProject\src\test\resources\Upload\Vaibhav.txt</td>
<td><div><pre>org.openqa.selenium.ElementClickInterceptedException: Element &lt;a class=&quot;ui-corner-all&quot;&gt; is not clickable at point (619,722) because another element &lt;iframe id=&quot;aswift_2&quot; name=&quot;aswift_2&quot; src=&quot;https://googleads.g.doubleclick.net/pagead/html/r20240618/r20110914/zrt_lookup_fy2021.html#RS-0-&amp;adk=1812271801&amp;client=ca-pub-9173866185064071&amp;fa=1&amp;ifi=3&amp;uci=a!3&amp;btvi=1&quot;&gt; obscures it
Build info: version: &apos;4.11.0&apos;, revision: &apos;040bc5406b&apos;
System info: os.name: &apos;Windows 10&apos;, os.arch: &apos;amd64&apos;, os.version: &apos;10.0&apos;, java.version: &apos;1.8.0_202&apos;
Driver info: org.openqa.selenium.firefox.FirefoxDriver
Command: [2c7c4fa8-7241-4356-a50b-7470399bf57f, clickElement {id=1a9d9216-5a3f-4a5d-a27d-cd91e8c18bc4}]
Capabilities {acceptInsecureCerts: true, browserName: firefox, browserVersion: 127.0.1, moz:accessibilityChecks: false, moz:buildID: 20240618110440, moz:debuggerAddress: 127.0.0.1:47713, moz:geckodriverVersion: 0.34.0, moz:headless: false, moz:platformVersion: 10.0, moz:processID: 22432, moz:profile: C:\Users\hp\AppData\Local\T..., moz:shutdownTimeout: 60000, moz:webdriverClick: true, moz:windowless: false, pageLoadStrategy: normal, platformName: windows, proxy: Proxy(), se:cdp: ws://127.0.0.1:47713/devtoo..., se:cdpVersion: 85.0, setWindowRect: true, strictFileInteractability: false, timeouts: {implicit: 0, pageLoad: 300000, script: 30000}, unhandledPromptBehavior: dismiss and notify, userAgent: Mozilla/5.0 (Windows NT 10....}
Element: [[FirefoxDriver: firefox on windows (2c7c4fa8-7241-4356-a50b-7470399bf57f)] -&gt; xpath: //form[@id=&apos;basicBootstrapForm&apos;]/div[7]//div/multi-select/div[2]/ul/li/a]
Session ID: 2c7c4fa8-7241-4356-a50b-7470399bf57f
	at org.openqa.selenium.remote.codec.w3c.W3CHttpResponseCodec.createException(W3CHttpResponseCodec.java:200)
	at org.openqa.selenium.remote.codec.w3c.W3CHttpResponseCodec.decode(W3CHttpResponseCodec.java:133)
	at org.openqa.selenium.remote.codec.w3c.W3CHttpResponseCodec.decode(W3CHttpResponseCodec.java:52)
	at org.openqa.selenium.remote.HttpCommandExecutor.execute(HttpCommandExecutor.java:191)
	at org.openqa.selenium.remote.service.DriverCommandExecutor.invokeExecute(DriverCommandExecutor.java:196)
	at org.openqa.selenium.remote.service.DriverCommandExecutor.execute(DriverCommandExecutor.java:171)
	at org.openqa.selenium.remote.RemoteWebDriver.execute(RemoteWebDriver.java:518)
	at org.openqa.selenium.remote.RemoteWebElement.execute(RemoteWebElement.java:224)
	at org.openqa.selenium.remote.RemoteWebElement.click(RemoteWebElement.java:77)
	at UtilityClass.ActionsMethod.Click(ActionsMethod.java:31)
	at Pom.Registerpage.selectLaunage(Registerpage.java:366)
	at TestScript.TestRegister.VerifyRegisterPage(TestRegister.java:120)
... Removed 28 stack frames</pre></div><a href='#' onClick='toggleBox("stack-trace910691117", this, "Click to show all stack frames", "Click to hide stack frames")'>Click to show all stack frames</a>
<div class='stack-trace' id='stack-trace910691117'><pre>org.openqa.selenium.ElementClickInterceptedException: Element &lt;a class=&quot;ui-corner-all&quot;&gt; is not clickable at point (619,722) because another element &lt;iframe id=&quot;aswift_2&quot; name=&quot;aswift_2&quot; src=&quot;https://googleads.g.doubleclick.net/pagead/html/r20240618/r20110914/zrt_lookup_fy2021.html#RS-0-&amp;adk=1812271801&amp;client=ca-pub-9173866185064071&amp;fa=1&amp;ifi=3&amp;uci=a!3&amp;btvi=1&quot;&gt; obscures it
Build info: version: &apos;4.11.0&apos;, revision: &apos;040bc5406b&apos;
System info: os.name: &apos;Windows 10&apos;, os.arch: &apos;amd64&apos;, os.version: &apos;10.0&apos;, java.version: &apos;1.8.0_202&apos;
Driver info: org.openqa.selenium.firefox.FirefoxDriver
Command: [2c7c4fa8-7241-4356-a50b-7470399bf57f, clickElement {id=1a9d9216-5a3f-4a5d-a27d-cd91e8c18bc4}]
Capabilities {acceptInsecureCerts: true, browserName: firefox, browserVersion: 127.0.1, moz:accessibilityChecks: false, moz:buildID: 20240618110440, moz:debuggerAddress: 127.0.0.1:47713, moz:geckodriverVersion: 0.34.0, moz:headless: false, moz:platformVersion: 10.0, moz:processID: 22432, moz:profile: C:\Users\hp\AppData\Local\T..., moz:shutdownTimeout: 60000, moz:webdriverClick: true, moz:windowless: false, pageLoadStrategy: normal, platformName: windows, proxy: Proxy(), se:cdp: ws://127.0.0.1:47713/devtoo..., se:cdpVersion: 85.0, setWindowRect: true, strictFileInteractability: false, timeouts: {implicit: 0, pageLoad: 300000, script: 30000}, unhandledPromptBehavior: dismiss and notify, userAgent: Mozilla/5.0 (Windows NT 10....}
Element: [[FirefoxDriver: firefox on windows (2c7c4fa8-7241-4356-a50b-7470399bf57f)] -&gt; xpath: //form[@id=&apos;basicBootstrapForm&apos;]/div[7]//div/multi-select/div[2]/ul/li/a]
Session ID: 2c7c4fa8-7241-4356-a50b-7470399bf57f
	at sun.reflect.NativeConstructorAccessorImpl.newInstance0(Native Method)
	at sun.reflect.NativeConstructorAccessorImpl.newInstance(NativeConstructorAccessorImpl.java:62)
	at sun.reflect.DelegatingConstructorAccessorImpl.newInstance(DelegatingConstructorAccessorImpl.java:45)
	at java.lang.reflect.Constructor.newInstance(Constructor.java:423)
	at org.openqa.selenium.remote.codec.w3c.W3CHttpResponseCodec.createException(W3CHttpResponseCodec.java:200)
	at org.openqa.selenium.remote.codec.w3c.W3CHttpResponseCodec.decode(W3CHttpResponseCodec.java:133)
	at org.openqa.selenium.remote.codec.w3c.W3CHttpResponseCodec.decode(W3CHttpResponseCodec.java:52)
	at org.openqa.selenium.remote.HttpCommandExecutor.execute(HttpCommandExecutor.java:191)
	at org.openqa.selenium.remote.service.DriverCommandExecutor.invokeExecute(DriverCommandExecutor.java:196)
	at org.openqa.selenium.remote.service.DriverCommandExecutor.execute(DriverCommandExecutor.java:171)
	at org.openqa.selenium.remote.RemoteWebDriver.execute(RemoteWebDriver.java:518)
	at org.openqa.selenium.remote.RemoteWebElement.execute(RemoteWebElement.java:224)
	at org.openqa.selenium.remote.RemoteWebElement.click(RemoteWebElement.java:77)
	at UtilityClass.ActionsMethod.Click(ActionsMethod.java:31)
	at Pom.Registerpage.selectLaunage(Registerpage.java:366)
	at TestScript.TestRegister.VerifyRegisterPage(TestRegister.java:120)
	at sun.reflect.NativeMethodAccessorImpl.invoke0(Native Method)
	at sun.reflect.NativeMethodAccessorImpl.invoke(NativeMethodAccessorImpl.java:62)
	at sun.reflect.DelegatingMethodAccessorImpl.invoke(DelegatingMethodAccessorImpl.java:43)
	at java.lang.reflect.Method.invoke(Method.java:498)
	at org.testng.internal.MethodInvocationHelper.invokeMethod(MethodInvocationHelper.java:86)
	at org.testng.internal.Invoker.invokeMethod(Invoker.java:645)
	at org.testng.internal.Invoker.invokeTestMethod(Invoker.java:822)
	at org.testng.internal.Invoker.invokeTestMethods(Invoker.java:1130)
	at org.testng.internal.TestMethodWorker.invokeTestMethods(TestMethodWorker.java:129)
	at org.testng.internal.TestMethodWorker.run(TestMethodWorker.java:112)
	at org.testng.TestRunner.privateRun(TestRunner.java:782)
	at org.testng.TestRunner.run(TestRunner.java:632)
	at org.testng.SuiteRunner.runTest(SuiteRunner.java:366)
	at org.testng.SuiteRunner.runSequentially(SuiteRunner.java:361)
	at org.testng.SuiteRunner.privateRun(SuiteRunner.java:319)
	at org.testng.SuiteRunner.run(SuiteRunner.java:268)
	at org.testng.SuiteRunnerWorker.runSuite(SuiteRunnerWorker.java:52)
	at org.testng.SuiteRunnerWorker.run(SuiteRunnerWorker.java:86)
	at org.testng.TestNG.runSuitesSequentially(TestNG.java:1244)
	at org.testng.TestNG.runSuitesLocally(TestNG.java:1169)
	at org.testng.TestNG.run(TestNG.java:1064)
	at org.testng.remote.RemoteTestNG.run(RemoteTestNG.java:113)
	at org.testng.remote.RemoteTestNG.initAndRun(RemoteTestNG.java:206)
	at org.testng.remote.RemoteTestNG.main(RemoteTestNG.java:177)
</pre></div></td>
<td>4</td>
<td>TestScript.TestRegister@13a57a3b</td></tr>
<tr>
<td title='TestScript.TestRegister.VerifyRegisterPage()'><b>VerifyRegisterPage</b><br>Test class: TestScript.TestRegister<br>Parameters: Gayatri, Deshmukh, pune, gmdeshmukh@gmail.com, 9.960134546E9, Female, Movie,Cricket, Hindi,Russian,Portuguese, C, Denmark, 1997.0, March, 15.0, Gayatri@123, Gayatri@123, D:\Vaibhav Study\Software Testing\Automation Testing\eclipse\DemoProject\src\test\resources\Upload\Gayatri.PDF</td>
<td><div><pre>org.openqa.selenium.ElementClickInterceptedException: Element &lt;a class=&quot;ui-corner-all&quot;&gt; is not clickable at point (619,722) because another element &lt;iframe id=&quot;aswift_2&quot; name=&quot;aswift_2&quot; src=&quot;https://googleads.g.doubleclick.net/pagead/html/r20240618/r20110914/zrt_lookup_fy2021.html#RS-0-&amp;adk=1812271801&amp;client=ca-pub-9173866185064071&amp;fa=1&amp;ifi=3&amp;uci=a!3&amp;btvi=1&quot;&gt; obscures it
Build info: version: &apos;4.11.0&apos;, revision: &apos;040bc5406b&apos;
System info: os.name: &apos;Windows 10&apos;, os.arch: &apos;amd64&apos;, os.version: &apos;10.0&apos;, java.version: &apos;1.8.0_202&apos;
Driver info: org.openqa.selenium.firefox.FirefoxDriver
Command: [2c7c4fa8-7241-4356-a50b-7470399bf57f, clickElement {id=7a5daea8-c700-4bec-8184-820774993213}]
Capabilities {acceptInsecureCerts: true, browserName: firefox, browserVersion: 127.0.1, moz:accessibilityChecks: false, moz:buildID: 20240618110440, moz:debuggerAddress: 127.0.0.1:47713, moz:geckodriverVersion: 0.34.0, moz:headless: false, moz:platformVersion: 10.0, moz:processID: 22432, moz:profile: C:\Users\hp\AppData\Local\T..., moz:shutdownTimeout: 60000, moz:webdriverClick: true, moz:windowless: false, pageLoadStrategy: normal, platformName: windows, proxy: Proxy(), se:cdp: ws://127.0.0.1:47713/devtoo..., se:cdpVersion: 85.0, setWindowRect: true, strictFileInteractability: false, timeouts: {implicit: 0, pageLoad: 300000, script: 30000}, unhandledPromptBehavior: dismiss and notify, userAgent: Mozilla/5.0 (Windows NT 10....}
Element: [[FirefoxDriver: firefox on windows (2c7c4fa8-7241-4356-a50b-7470399bf57f)] -&gt; xpath: //form[@id=&apos;basicBootstrapForm&apos;]/div[7]//div/multi-select/div[2]/ul/li/a]
Session ID: 2c7c4fa8-7241-4356-a50b-7470399bf57f
	at org.openqa.selenium.remote.codec.w3c.W3CHttpResponseCodec.createException(W3CHttpResponseCodec.java:200)
	at org.openqa.selenium.remote.codec.w3c.W3CHttpResponseCodec.decode(W3CHttpResponseCodec.java:133)
	at org.openqa.selenium.remote.codec.w3c.W3CHttpResponseCodec.decode(W3CHttpResponseCodec.java:52)
	at org.openqa.selenium.remote.HttpCommandExecutor.execute(HttpCommandExecutor.java:191)
	at org.openqa.selenium.remote.service.DriverCommandExecutor.invokeExecute(DriverCommandExecutor.java:196)
	at org.openqa.selenium.remote.service.DriverCommandExecutor.execute(DriverCommandExecutor.java:171)
	at org.openqa.selenium.remote.RemoteWebDriver.execute(RemoteWebDriver.java:518)
	at org.openqa.selenium.remote.RemoteWebElement.execute(RemoteWebElement.java:224)
	at org.openqa.selenium.remote.RemoteWebElement.click(RemoteWebElement.java:77)
	at UtilityClass.ActionsMethod.Click(ActionsMethod.java:31)
	at Pom.Registerpage.selectLaunage(Registerpage.java:366)
	at TestScript.TestRegister.VerifyRegisterPage(TestRegister.java:120)
... Removed 28 stack frames</pre></div><a href='#' onClick='toggleBox("stack-trace150835665", this, "Click to show all stack frames", "Click to hide stack frames")'>Click to show all stack frames</a>
<div class='stack-trace' id='stack-trace150835665'><pre>org.openqa.selenium.ElementClickInterceptedException: Element &lt;a class=&quot;ui-corner-all&quot;&gt; is not clickable at point (619,722) because another element &lt;iframe id=&quot;aswift_2&quot; name=&quot;aswift_2&quot; src=&quot;https://googleads.g.doubleclick.net/pagead/html/r20240618/r20110914/zrt_lookup_fy2021.html#RS-0-&amp;adk=1812271801&amp;client=ca-pub-9173866185064071&amp;fa=1&amp;ifi=3&amp;uci=a!3&amp;btvi=1&quot;&gt; obscures it
Build info: version: &apos;4.11.0&apos;, revision: &apos;040bc5406b&apos;
System info: os.name: &apos;Windows 10&apos;, os.arch: &apos;amd64&apos;, os.version: &apos;10.0&apos;, java.version: &apos;1.8.0_202&apos;
Driver info: org.openqa.selenium.firefox.FirefoxDriver
Command: [2c7c4fa8-7241-4356-a50b-7470399bf57f, clickElement {id=7a5daea8-c700-4bec-8184-820774993213}]
Capabilities {acceptInsecureCerts: true, browserName: firefox, browserVersion: 127.0.1, moz:accessibilityChecks: false, moz:buildID: 20240618110440, moz:debuggerAddress: 127.0.0.1:47713, moz:geckodriverVersion: 0.34.0, moz:headless: false, moz:platformVersion: 10.0, moz:processID: 22432, moz:profile: C:\Users\hp\AppData\Local\T..., moz:shutdownTimeout: 60000, moz:webdriverClick: true, moz:windowless: false, pageLoadStrategy: normal, platformName: windows, proxy: Proxy(), se:cdp: ws://127.0.0.1:47713/devtoo..., se:cdpVersion: 85.0, setWindowRect: true, strictFileInteractability: false, timeouts: {implicit: 0, pageLoad: 300000, script: 30000}, unhandledPromptBehavior: dismiss and notify, userAgent: Mozilla/5.0 (Windows NT 10....}
Element: [[FirefoxDriver: firefox on windows (2c7c4fa8-7241-4356-a50b-7470399bf57f)] -&gt; xpath: //form[@id=&apos;basicBootstrapForm&apos;]/div[7]//div/multi-select/div[2]/ul/li/a]
Session ID: 2c7c4fa8-7241-4356-a50b-7470399bf57f
	at sun.reflect.NativeConstructorAccessorImpl.newInstance0(Native Method)
	at sun.reflect.NativeConstructorAccessorImpl.newInstance(NativeConstructorAccessorImpl.java:62)
	at sun.reflect.DelegatingConstructorAccessorImpl.newInstance(DelegatingConstructorAccessorImpl.java:45)
	at java.lang.reflect.Constructor.newInstance(Constructor.java:423)
	at org.openqa.selenium.remote.codec.w3c.W3CHttpResponseCodec.createException(W3CHttpResponseCodec.java:200)
	at org.openqa.selenium.remote.codec.w3c.W3CHttpResponseCodec.decode(W3CHttpResponseCodec.java:133)
	at org.openqa.selenium.remote.codec.w3c.W3CHttpResponseCodec.decode(W3CHttpResponseCodec.java:52)
	at org.openqa.selenium.remote.HttpCommandExecutor.execute(HttpCommandExecutor.java:191)
	at org.openqa.selenium.remote.service.DriverCommandExecutor.invokeExecute(DriverCommandExecutor.java:196)
	at org.openqa.selenium.remote.service.DriverCommandExecutor.execute(DriverCommandExecutor.java:171)
	at org.openqa.selenium.remote.RemoteWebDriver.execute(RemoteWebDriver.java:518)
	at org.openqa.selenium.remote.RemoteWebElement.execute(RemoteWebElement.java:224)
	at org.openqa.selenium.remote.RemoteWebElement.click(RemoteWebElement.java:77)
	at UtilityClass.ActionsMethod.Click(ActionsMethod.java:31)
	at Pom.Registerpage.selectLaunage(Registerpage.java:366)
	at TestScript.TestRegister.VerifyRegisterPage(TestRegister.java:120)
	at sun.reflect.NativeMethodAccessorImpl.invoke0(Native Method)
	at sun.reflect.NativeMethodAccessorImpl.invoke(NativeMethodAccessorImpl.java:62)
	at sun.reflect.DelegatingMethodAccessorImpl.invoke(DelegatingMethodAccessorImpl.java:43)
	at java.lang.reflect.Method.invoke(Method.java:498)
	at org.testng.internal.MethodInvocationHelper.invokeMethod(MethodInvocationHelper.java:86)
	at org.testng.internal.Invoker.invokeMethod(Invoker.java:645)
	at org.testng.internal.Invoker.invokeTestMethod(Invoker.java:822)
	at org.testng.internal.Invoker.invokeTestMethods(Invoker.java:1130)
	at org.testng.internal.TestMethodWorker.invokeTestMethods(TestMethodWorker.java:129)
	at org.testng.internal.TestMethodWorker.run(TestMethodWorker.java:112)
	at org.testng.TestRunner.privateRun(TestRunner.java:782)
	at org.testng.TestRunner.run(TestRunner.java:632)
	at org.testng.SuiteRunner.runTest(SuiteRunner.java:366)
	at org.testng.SuiteRunner.runSequentially(SuiteRunner.java:361)
	at org.testng.SuiteRunner.privateRun(SuiteRunner.java:319)
	at org.testng.SuiteRunner.run(SuiteRunner.java:268)
	at org.testng.SuiteRunnerWorker.runSuite(SuiteRunnerWorker.java:52)
	at org.testng.SuiteRunnerWorker.run(SuiteRunnerWorker.java:86)
	at org.testng.TestNG.runSuitesSequentially(TestNG.java:1244)
	at org.testng.TestNG.runSuitesLocally(TestNG.java:1169)
	at org.testng.TestNG.run(TestNG.java:1064)
	at org.testng.remote.RemoteTestNG.run(RemoteTestNG.java:113)
	at org.testng.remote.RemoteTestNG.initAndRun(RemoteTestNG.java:206)
	at org.testng.remote.RemoteTestNG.main(RemoteTestNG.java:177)
</pre></div></td>
<td>4</td>
<td>TestScript.TestRegister@13a57a3b</td></tr>
<tr>
<td title='TestScript.TestRegister.VerifyRegisterPage()'><b>VerifyRegisterPage</b><br>Test class: TestScript.TestRegister<br>Parameters: Sunil, Shinde, daund, sshinde@gmail.com, 9.767689797E9, Male, Cricket,Hockey, Spanish, English,Polish, APIs, New Zealand, 1984.0, November, 8.0, Sunil@123, Sunil@123, D:\Vaibhav Study\Software Testing\Automation Testing\eclipse\DemoProject\src\test\resources\Upload\Sunil.xlsx</td>
<td><div><pre>org.openqa.selenium.ElementClickInterceptedException: Element &lt;a class=&quot;ui-corner-all&quot;&gt; is not clickable at point (619,721) because another element &lt;iframe id=&quot;aswift_2&quot; name=&quot;aswift_2&quot; src=&quot;https://googleads.g.doubleclick.net/pagead/html/r20240618/r20110914/zrt_lookup_fy2021.html#RS-0-&amp;adk=1812271801&amp;client=ca-pub-9173866185064071&amp;fa=1&amp;ifi=3&amp;uci=a!3&amp;btvi=1&quot;&gt; obscures it
Build info: version: &apos;4.11.0&apos;, revision: &apos;040bc5406b&apos;
System info: os.name: &apos;Windows 10&apos;, os.arch: &apos;amd64&apos;, os.version: &apos;10.0&apos;, java.version: &apos;1.8.0_202&apos;
Driver info: org.openqa.selenium.firefox.FirefoxDriver
Command: [2c7c4fa8-7241-4356-a50b-7470399bf57f, clickElement {id=2560a618-6e50-4185-96a3-231999f98502}]
Capabilities {acceptInsecureCerts: true, browserName: firefox, browserVersion: 127.0.1, moz:accessibilityChecks: false, moz:buildID: 20240618110440, moz:debuggerAddress: 127.0.0.1:47713, moz:geckodriverVersion: 0.34.0, moz:headless: false, moz:platformVersion: 10.0, moz:processID: 22432, moz:profile: C:\Users\hp\AppData\Local\T..., moz:shutdownTimeout: 60000, moz:webdriverClick: true, moz:windowless: false, pageLoadStrategy: normal, platformName: windows, proxy: Proxy(), se:cdp: ws://127.0.0.1:47713/devtoo..., se:cdpVersion: 85.0, setWindowRect: true, strictFileInteractability: false, timeouts: {implicit: 0, pageLoad: 300000, script: 30000}, unhandledPromptBehavior: dismiss and notify, userAgent: Mozilla/5.0 (Windows NT 10....}
Element: [[FirefoxDriver: firefox on windows (2c7c4fa8-7241-4356-a50b-7470399bf57f)] -&gt; xpath: //form[@id=&apos;basicBootstrapForm&apos;]/div[7]//div/multi-select/div[2]/ul/li/a]
Session ID: 2c7c4fa8-7241-4356-a50b-7470399bf57f
	at org.openqa.selenium.remote.codec.w3c.W3CHttpResponseCodec.createException(W3CHttpResponseCodec.java:200)
	at org.openqa.selenium.remote.codec.w3c.W3CHttpResponseCodec.decode(W3CHttpResponseCodec.java:133)
	at org.openqa.selenium.remote.codec.w3c.W3CHttpResponseCodec.decode(W3CHttpResponseCodec.java:52)
	at org.openqa.selenium.remote.HttpCommandExecutor.execute(HttpCommandExecutor.java:191)
	at org.openqa.selenium.remote.service.DriverCommandExecutor.invokeExecute(DriverCommandExecutor.java:196)
	at org.openqa.selenium.remote.service.DriverCommandExecutor.execute(DriverCommandExecutor.java:171)
	at org.openqa.selenium.remote.RemoteWebDriver.execute(RemoteWebDriver.java:518)
	at org.openqa.selenium.remote.RemoteWebElement.execute(RemoteWebElement.java:224)
	at org.openqa.selenium.remote.RemoteWebElement.click(RemoteWebElement.java:77)
	at UtilityClass.ActionsMethod.Click(ActionsMethod.java:31)
	at Pom.Registerpage.selectLaunage(Registerpage.java:366)
	at TestScript.TestRegister.VerifyRegisterPage(TestRegister.java:120)
... Removed 28 stack frames</pre></div><a href='#' onClick='toggleBox("stack-trace1515793520", this, "Click to show all stack frames", "Click to hide stack frames")'>Click to show all stack frames</a>
<div class='stack-trace' id='stack-trace1515793520'><pre>org.openqa.selenium.ElementClickInterceptedException: Element &lt;a class=&quot;ui-corner-all&quot;&gt; is not clickable at point (619,721) because another element &lt;iframe id=&quot;aswift_2&quot; name=&quot;aswift_2&quot; src=&quot;https://googleads.g.doubleclick.net/pagead/html/r20240618/r20110914/zrt_lookup_fy2021.html#RS-0-&amp;adk=1812271801&amp;client=ca-pub-9173866185064071&amp;fa=1&amp;ifi=3&amp;uci=a!3&amp;btvi=1&quot;&gt; obscures it
Build info: version: &apos;4.11.0&apos;, revision: &apos;040bc5406b&apos;
System info: os.name: &apos;Windows 10&apos;, os.arch: &apos;amd64&apos;, os.version: &apos;10.0&apos;, java.version: &apos;1.8.0_202&apos;
Driver info: org.openqa.selenium.firefox.FirefoxDriver
Command: [2c7c4fa8-7241-4356-a50b-7470399bf57f, clickElement {id=2560a618-6e50-4185-96a3-231999f98502}]
Capabilities {acceptInsecureCerts: true, browserName: firefox, browserVersion: 127.0.1, moz:accessibilityChecks: false, moz:buildID: 20240618110440, moz:debuggerAddress: 127.0.0.1:47713, moz:geckodriverVersion: 0.34.0, moz:headless: false, moz:platformVersion: 10.0, moz:processID: 22432, moz:profile: C:\Users\hp\AppData\Local\T..., moz:shutdownTimeout: 60000, moz:webdriverClick: true, moz:windowless: false, pageLoadStrategy: normal, platformName: windows, proxy: Proxy(), se:cdp: ws://127.0.0.1:47713/devtoo..., se:cdpVersion: 85.0, setWindowRect: true, strictFileInteractability: false, timeouts: {implicit: 0, pageLoad: 300000, script: 30000}, unhandledPromptBehavior: dismiss and notify, userAgent: Mozilla/5.0 (Windows NT 10....}
Element: [[FirefoxDriver: firefox on windows (2c7c4fa8-7241-4356-a50b-7470399bf57f)] -&gt; xpath: //form[@id=&apos;basicBootstrapForm&apos;]/div[7]//div/multi-select/div[2]/ul/li/a]
Session ID: 2c7c4fa8-7241-4356-a50b-7470399bf57f
	at sun.reflect.NativeConstructorAccessorImpl.newInstance0(Native Method)
	at sun.reflect.NativeConstructorAccessorImpl.newInstance(NativeConstructorAccessorImpl.java:62)
	at sun.reflect.DelegatingConstructorAccessorImpl.newInstance(DelegatingConstructorAccessorImpl.java:45)
	at java.lang.reflect.Constructor.newInstance(Constructor.java:423)
	at org.openqa.selenium.remote.codec.w3c.W3CHttpResponseCodec.createException(W3CHttpResponseCodec.java:200)
	at org.openqa.selenium.remote.codec.w3c.W3CHttpResponseCodec.decode(W3CHttpResponseCodec.java:133)
	at org.openqa.selenium.remote.codec.w3c.W3CHttpResponseCodec.decode(W3CHttpResponseCodec.java:52)
	at org.openqa.selenium.remote.HttpCommandExecutor.execute(HttpCommandExecutor.java:191)
	at org.openqa.selenium.remote.service.DriverCommandExecutor.invokeExecute(DriverCommandExecutor.java:196)
	at org.openqa.selenium.remote.service.DriverCommandExecutor.execute(DriverCommandExecutor.java:171)
	at org.openqa.selenium.remote.RemoteWebDriver.execute(RemoteWebDriver.java:518)
	at org.openqa.selenium.remote.RemoteWebElement.execute(RemoteWebElement.java:224)
	at org.openqa.selenium.remote.RemoteWebElement.click(RemoteWebElement.java:77)
	at UtilityClass.ActionsMethod.Click(ActionsMethod.java:31)
	at Pom.Registerpage.selectLaunage(Registerpage.java:366)
	at TestScript.TestRegister.VerifyRegisterPage(TestRegister.java:120)
	at sun.reflect.NativeMethodAccessorImpl.invoke0(Native Method)
	at sun.reflect.NativeMethodAccessorImpl.invoke(NativeMethodAccessorImpl.java:62)
	at sun.reflect.DelegatingMethodAccessorImpl.invoke(DelegatingMethodAccessorImpl.java:43)
	at java.lang.reflect.Method.invoke(Method.java:498)
	at org.testng.internal.MethodInvocationHelper.invokeMethod(MethodInvocationHelper.java:86)
	at org.testng.internal.Invoker.invokeMethod(Invoker.java:645)
	at org.testng.internal.Invoker.invokeTestMethod(Invoker.java:822)
	at org.testng.internal.Invoker.invokeTestMethods(Invoker.java:1130)
	at org.testng.internal.TestMethodWorker.invokeTestMethods(TestMethodWorker.java:129)
	at org.testng.internal.TestMethodWorker.run(TestMethodWorker.java:112)
	at org.testng.TestRunner.privateRun(TestRunner.java:782)
	at org.testng.TestRunner.run(TestRunner.java:632)
	at org.testng.SuiteRunner.runTest(SuiteRunner.java:366)
	at org.testng.SuiteRunner.runSequentially(SuiteRunner.java:361)
	at org.testng.SuiteRunner.privateRun(SuiteRunner.java:319)
	at org.testng.SuiteRunner.run(SuiteRunner.java:268)
	at org.testng.SuiteRunnerWorker.runSuite(SuiteRunnerWorker.java:52)
	at org.testng.SuiteRunnerWorker.run(SuiteRunnerWorker.java:86)
	at org.testng.TestNG.runSuitesSequentially(TestNG.java:1244)
	at org.testng.TestNG.runSuitesLocally(TestNG.java:1169)
	at org.testng.TestNG.run(TestNG.java:1064)
	at org.testng.remote.RemoteTestNG.run(RemoteTestNG.java:113)
	at org.testng.remote.RemoteTestNG.initAndRun(RemoteTestNG.java:206)
	at org.testng.remote.RemoteTestNG.main(RemoteTestNG.java:177)
</pre></div></td>
<td>4</td>
<td>TestScript.TestRegister@13a57a3b</td></tr>
</table><p>
<table width='100%' border='1' class='invocation-passed'>
<tr><td colspan='4' align='center'><b>PASSED TESTS</b></td></tr>
<tr><td><b>Test method</b></td>
<td width="30%"><b>Exception</b></td>
<td width="10%"><b>Time (seconds)</b></td>
<td><b>Instance</b></td>
</tr>
<tr>
<td title='TestScript.TestRegister.VerifyRegisterPage()'><b>VerifyRegisterPage</b><br>Test class: TestScript.TestRegister<br>Parameters: Sanket , Jagtap, Hadpsar, sanketjagtap112@gmail.com, 8.888454688E9, Male, Cricket,Movie,Hockey, English,Bulgarian, Python, Australia, 1994.0, October, 15.0, Sanket@123, Sanket@123, D:\Vaibhav Study\Software Testing\Automation Testing\eclipse\DemoProject\src\test\resources\Upload\Sanket.docx</td>
<td></td>
<td>10</td>
<td>TestScript.TestRegister@13a57a3b</td></tr>
<tr>
<td title='TestScript.TestFrame.performNestedFrame()'><b>performNestedFrame</b><br>Test class: TestScript.TestFrame</td>
<td></td>
<td>0</td>
<td>TestScript.TestFrame@7ca48474</td></tr>
<tr>
<td title='TestScript.TestAlert.verfiyAlert()'><b>verfiyAlert</b><br>Test class: TestScript.TestAlert</td>
<td></td>
<td>0</td>
<td>TestScript.TestAlert@7f560810</td></tr>
<tr>
<td title='TestScript.TestAlert.verifyAccpectConfirmationAlert()'><b>verifyAccpectConfirmationAlert</b><br>Test class: TestScript.TestAlert</td>
<td></td>
<td>0</td>
<td>TestScript.TestAlert@7f560810</td></tr>
<tr>
<td title='TestScript.TestAlert.verifyCancelConfirmationAlert()'><b>verifyCancelConfirmationAlert</b><br>Test class: TestScript.TestAlert</td>
<td></td>
<td>0</td>
<td>TestScript.TestAlert@7f560810</td></tr>
<tr>
<td title='TestScript.TestWindowHandle.verifyMultipleWindowHandling()'><b>verifyMultipleWindowHandling</b><br>Test class: TestScript.TestWindowHandle</td>
<td></td>
<td>1</td>
<td>TestScript.TestWindowHandle@69d9c55</td></tr>
<tr>
<td title='TestScript.TestAlert.verifyPromptAlert()'><b>verifyPromptAlert</b><br>Test class: TestScript.TestAlert</td>
<td></td>
<td>0</td>
<td>TestScript.TestAlert@7f560810</td></tr>
<tr>
<td title='TestScript.TestRegister.verifyRegisterPage()'><b>verifyRegisterPage</b><br>Test class: TestScript.TestRegister</td>
<td></td>
<td>0</td>
<td>TestScript.TestRegister@13a57a3b</td></tr>
<tr>
<td title='TestScript.TestWindowHandle.verifySeprateWindowHandle()'><b>verifySeprateWindowHandle</b><br>Test class: TestScript.TestWindowHandle</td>
<td></td>
<td>1</td>
<td>TestScript.TestWindowHandle@69d9c55</td></tr>
<tr>
<td title='TestScript.TestAlert.verifySimpleAlert()'><b>verifySimpleAlert</b><br>Test class: TestScript.TestAlert</td>
<td></td>
<td>0</td>
<td>TestScript.TestAlert@7f560810</td></tr>
<tr>
<td title='TestScript.TestWindowHandle.verifyWindowPage()'><b>verifyWindowPage</b><br>Test class: TestScript.TestWindowHandle</td>
<td></td>
<td>0</td>
<td>TestScript.TestWindowHandle@69d9c55</td></tr>
</table><p>
</body>
</html>