<html>
<head>
<title>TestNG:  Test1</title>
<link href="../testng.css" rel="stylesheet" type="text/css" />
<link href="../my-testng.css" rel="stylesheet" type="text/css" />

<style type="text/css">
.log { display: none;} 
.stack-trace { display: none;} 
</style>
<script type="text/javascript">
<!--
function flip(e) {
  current = e.style.display;
  if (current == 'block') {
    e.style.display = 'none';
    return 0;
  }
  else {
    e.style.display = 'block';
    return 1;
  }
}

function toggleBox(szDivId, elem, msg1, msg2)
{
  var res = -1;  if (document.getElementById) {
    res = flip(document.getElementById(szDivId));
  }
  else if (document.all) {
    // this is the way old msie versions work
    res = flip(document.all[szDivId]);
  }
  if(elem) {
    if(res == 0) elem.innerHTML = msg1; else elem.innerHTML = msg2;
  }

}

function toggleAllBoxes() {
  if (document.getElementsByTagName) {
    d = document.getElementsByTagName('div');
    for (i = 0; i < d.length; i++) {
      if (d[i].className == 'log') {
        flip(d[i]);
      }
    }
  }
}

// -->
</script>

</head>
<body>
<h2 align='center'>Test1</h2><table border='1' align="center">
<tr>
<td>Tests passed/Failed/Skipped:</td><td>18/2/0</td>
</tr><tr>
<td>Started on:</td><td>Fri May 17 16:40:16 IST 2024</td>
</tr>
<tr><td>Total time:</td><td>198 seconds (198233 ms)</td>
</tr><tr>
<td>Included groups:</td><td></td>
</tr><tr>
<td>Excluded groups:</td><td></td>
</tr>
</table><p/>
<small><i>(Hover the method name to see the test class name)</i></small><p/>
<table width='100%' border='1' class='invocation-failed'>
<tr><td colspan='4' align='center'><b>FAILED TESTS</b></td></tr>
<tr><td><b>Test method</b></td>
<td width="30%"><b>Exception</b></td>
<td width="10%"><b>Time (seconds)</b></td>
<td><b>Instance</b></td>
</tr>
<tr>
<td title='TestScript.TestFrame.performSingleFrameHandling()'><b>performSingleFrameHandling</b><br>Test class: TestScript.TestFrame</td>
<td><div><pre>org.openqa.selenium.NoSuchElementException: no such element: Unable to locate element: {&quot;method&quot;:&quot;xpath&quot;,&quot;selector&quot;:&quot;//h5[text()=&apos;iFrame Demo&apos;]/parent::div/div/div/input&quot;}
  (Session info: chrome=124.0.6367.208)
For documentation on this error, please visit: https://www.selenium.dev/documentation/webdriver/troubleshooting/errors#no-such-element-exception
Build info: version: &apos;4.11.0&apos;, revision: &apos;040bc5406b&apos;
System info: os.name: &apos;Windows 10&apos;, os.arch: &apos;amd64&apos;, os.version: &apos;10.0&apos;, java.version: &apos;1.8.0_202&apos;
Driver info: org.openqa.selenium.chrome.ChromeDriver
Command: [a27fc20abacf4ce9ddcb9c0896b78b0d, findElement {using=xpath, value=//h5[text()=&apos;iFrame Demo&apos;]/parent::div/div/div/input}]
Capabilities {acceptInsecureCerts: true, browserName: chrome, browserVersion: 124.0.6367.208, chrome: {chromedriverVersion: 124.0.6367.207 (a9001a6e39f..., userDataDir: C:\Users\hp\AppData\Local\T...}, fedcm:accounts: true, goog:chromeOptions: {debuggerAddress: localhost:55079}, networkConnectionEnabled: false, pageLoadStrategy: normal, platformName: windows, proxy: Proxy(), se:cdp: ws://localhost:55079/devtoo..., se:cdpVersion: 124.0.6367.208, setWindowRect: true, strictFileInteractability: false, timeouts: {implicit: 0, pageLoad: 300000, script: 30000}, unhandledPromptBehavior: dismiss and notify, webauthn:extension:credBlob: true, webauthn:extension:largeBlob: true, webauthn:extension:minPinLength: true, webauthn:extension:prf: true, webauthn:virtualAuthenticators: true}
Session ID: a27fc20abacf4ce9ddcb9c0896b78b0d
	at org.openqa.selenium.remote.codec.w3c.W3CHttpResponseCodec.createException(W3CHttpResponseCodec.java:200)
	at org.openqa.selenium.remote.codec.w3c.W3CHttpResponseCodec.decode(W3CHttpResponseCodec.java:133)
	at org.openqa.selenium.remote.codec.w3c.W3CHttpResponseCodec.decode(W3CHttpResponseCodec.java:52)
	at org.openqa.selenium.remote.HttpCommandExecutor.execute(HttpCommandExecutor.java:191)
	at org.openqa.selenium.remote.service.DriverCommandExecutor.invokeExecute(DriverCommandExecutor.java:196)
	at org.openqa.selenium.remote.service.DriverCommandExecutor.execute(DriverCommandExecutor.java:171)
	at org.openqa.selenium.remote.RemoteWebDriver.execute(RemoteWebDriver.java:518)
	at org.openqa.selenium.remote.ElementLocation$ElementFinder$2.findElement(ElementLocation.java:165)
	at org.openqa.selenium.remote.ElementLocation.findElement(ElementLocation.java:59)
	at org.openqa.selenium.remote.RemoteWebDriver.findElement(RemoteWebDriver.java:355)
	at org.openqa.selenium.remote.RemoteWebDriver.findElement(RemoteWebDriver.java:349)
	at org.openqa.selenium.support.pagefactory.DefaultElementLocator.findElement(DefaultElementLocator.java:68)
	at org.openqa.selenium.support.pagefactory.internal.LocatingElementHandler.invoke(LocatingElementHandler.java:38)
	at com.sun.proxy.$Proxy22.clear(Unknown Source)
	at Pom.Framepage.passText(Framepage.java:86)
	at TestScript.TestFrame.performSingleFrameHandling(TestFrame.java:78)
... Removed 28 stack frames</pre></div><a href='#' onClick='toggleBox("stack-trace1222272242", this, "Click to show all stack frames", "Click to hide stack frames")'>Click to show all stack frames</a>
<div class='stack-trace' id='stack-trace1222272242'><pre>org.openqa.selenium.NoSuchElementException: no such element: Unable to locate element: {&quot;method&quot;:&quot;xpath&quot;,&quot;selector&quot;:&quot;//h5[text()=&apos;iFrame Demo&apos;]/parent::div/div/div/input&quot;}
  (Session info: chrome=124.0.6367.208)
For documentation on this error, please visit: https://www.selenium.dev/documentation/webdriver/troubleshooting/errors#no-such-element-exception
Build info: version: &apos;4.11.0&apos;, revision: &apos;040bc5406b&apos;
System info: os.name: &apos;Windows 10&apos;, os.arch: &apos;amd64&apos;, os.version: &apos;10.0&apos;, java.version: &apos;1.8.0_202&apos;
Driver info: org.openqa.selenium.chrome.ChromeDriver
Command: [a27fc20abacf4ce9ddcb9c0896b78b0d, findElement {using=xpath, value=//h5[text()=&apos;iFrame Demo&apos;]/parent::div/div/div/input}]
Capabilities {acceptInsecureCerts: true, browserName: chrome, browserVersion: 124.0.6367.208, chrome: {chromedriverVersion: 124.0.6367.207 (a9001a6e39f..., userDataDir: C:\Users\hp\AppData\Local\T...}, fedcm:accounts: true, goog:chromeOptions: {debuggerAddress: localhost:55079}, networkConnectionEnabled: false, pageLoadStrategy: normal, platformName: windows, proxy: Proxy(), se:cdp: ws://localhost:55079/devtoo..., se:cdpVersion: 124.0.6367.208, setWindowRect: true, strictFileInteractability: false, timeouts: {implicit: 0, pageLoad: 300000, script: 30000}, unhandledPromptBehavior: dismiss and notify, webauthn:extension:credBlob: true, webauthn:extension:largeBlob: true, webauthn:extension:minPinLength: true, webauthn:extension:prf: true, webauthn:virtualAuthenticators: true}
Session ID: a27fc20abacf4ce9ddcb9c0896b78b0d
	at sun.reflect.NativeConstructorAccessorImpl.newInstance0(Native Method)
	at sun.reflect.NativeConstructorAccessorImpl.newInstance(NativeConstructorAccessorImpl.java:62)
	at sun.reflect.DelegatingConstructorAccessorImpl.newInstance(DelegatingConstructorAccessorImpl.java:45)
	at java.lang.reflect.Constructor.newInstance(Constructor.java:423)
	at org.openqa.selenium.remote.codec.w3c.W3CHttpResponseCodec.createException(W3CHttpResponseCodec.java:200)
	at org.openqa.selenium.remote.codec.w3c.W3CHttpResponseCodec.decode(W3CHttpResponseCodec.java:133)
	at org.openqa.selenium.remote.codec.w3c.W3CHttpResponseCodec.decode(W3CHttpResponseCodec.java:52)
	at org.openqa.selenium.remote.HttpCommandExecutor.execute(HttpCommandExecutor.java:191)
	at org.openqa.selenium.remote.service.DriverCommandExecutor.invokeExecute(DriverCommandExecutor.java:196)
	at org.openqa.selenium.remote.service.DriverCommandExecutor.execute(DriverCommandExecutor.java:171)
	at org.openqa.selenium.remote.RemoteWebDriver.execute(RemoteWebDriver.java:518)
	at org.openqa.selenium.remote.ElementLocation$ElementFinder$2.findElement(ElementLocation.java:165)
	at org.openqa.selenium.remote.ElementLocation.findElement(ElementLocation.java:59)
	at org.openqa.selenium.remote.RemoteWebDriver.findElement(RemoteWebDriver.java:355)
	at org.openqa.selenium.remote.RemoteWebDriver.findElement(RemoteWebDriver.java:349)
	at org.openqa.selenium.support.pagefactory.DefaultElementLocator.findElement(DefaultElementLocator.java:68)
	at org.openqa.selenium.support.pagefactory.internal.LocatingElementHandler.invoke(LocatingElementHandler.java:38)
	at com.sun.proxy.$Proxy22.clear(Unknown Source)
	at Pom.Framepage.passText(Framepage.java:86)
	at TestScript.TestFrame.performSingleFrameHandling(TestFrame.java:78)
	at sun.reflect.NativeMethodAccessorImpl.invoke0(Native Method)
	at sun.reflect.NativeMethodAccessorImpl.invoke(NativeMethodAccessorImpl.java:62)
	at sun.reflect.DelegatingMethodAccessorImpl.invoke(DelegatingMethodAccessorImpl.java:43)
	at java.lang.reflect.Method.invoke(Method.java:498)
	at org.testng.internal.MethodInvocationHelper.invokeMethod(MethodInvocationHelper.java:86)
	at org.testng.internal.Invoker.invokeMethod(Invoker.java:645)
	at org.testng.internal.Invoker.invokeTestMethod(Invoker.java:822)
	at org.testng.internal.Invoker.invokeTestMethods(Invoker.java:1130)
	at org.testng.internal.TestMethodWorker.invokeTestMethods(TestMethodWorker.java:129)
	at org.testng.internal.TestMethodWorker.run(TestMethodWorker.java:112)
	at org.testng.TestRunner.privateRun(TestRunner.java:782)
	at org.testng.TestRunner.run(TestRunner.java:632)
	at org.testng.SuiteRunner.runTest(SuiteRunner.java:366)
	at org.testng.SuiteRunner.runSequentially(SuiteRunner.java:361)
	at org.testng.SuiteRunner.privateRun(SuiteRunner.java:319)
	at org.testng.SuiteRunner.run(SuiteRunner.java:268)
	at org.testng.SuiteRunnerWorker.runSuite(SuiteRunnerWorker.java:52)
	at org.testng.SuiteRunnerWorker.run(SuiteRunnerWorker.java:86)
	at org.testng.TestNG.runSuitesSequentially(TestNG.java:1244)
	at org.testng.TestNG.runSuitesLocally(TestNG.java:1169)
	at org.testng.TestNG.run(TestNG.java:1064)
	at org.testng.remote.RemoteTestNG.run(RemoteTestNG.java:113)
	at org.testng.remote.RemoteTestNG.initAndRun(RemoteTestNG.java:206)
	at org.testng.remote.RemoteTestNG.main(RemoteTestNG.java:177)
</pre></div></td>
<td>10</td>
<td>TestScript.TestFrame@153f5a29</td></tr>
<tr>
<td title='TestScript.TestHome.verifyHomePage()'><b>verifyHomePage</b><br>Test class: TestScript.TestHome</td>
<td><div><pre>java.lang.AssertionError: expected [Index] but found [Register]
	at TestScript.TestHome.verifyHomePage(TestHome.java:58)
... Removed 30 stack frames</pre></div><a href='#' onClick='toggleBox("stack-trace1680628659", this, "Click to show all stack frames", "Click to hide stack frames")'>Click to show all stack frames</a>
<div class='stack-trace' id='stack-trace1680628659'><pre>java.lang.AssertionError: expected [Index] but found [Register]
	at org.testng.Assert.fail(Assert.java:94)
	at org.testng.Assert.failNotEquals(Assert.java:513)
	at org.testng.Assert.assertEqualsImpl(Assert.java:135)
	at org.testng.Assert.assertEquals(Assert.java:116)
	at org.testng.Assert.assertEquals(Assert.java:190)
	at org.testng.Assert.assertEquals(Assert.java:200)
	at TestScript.TestHome.verifyHomePage(TestHome.java:58)
	at sun.reflect.NativeMethodAccessorImpl.invoke0(Native Method)
	at sun.reflect.NativeMethodAccessorImpl.invoke(NativeMethodAccessorImpl.java:62)
	at sun.reflect.DelegatingMethodAccessorImpl.invoke(DelegatingMethodAccessorImpl.java:43)
	at java.lang.reflect.Method.invoke(Method.java:498)
	at org.testng.internal.MethodInvocationHelper.invokeMethod(MethodInvocationHelper.java:86)
	at org.testng.internal.Invoker.invokeMethod(Invoker.java:645)
	at org.testng.internal.Invoker.invokeTestMethod(Invoker.java:822)
	at org.testng.internal.Invoker.invokeTestMethods(Invoker.java:1130)
	at org.testng.internal.TestMethodWorker.invokeTestMethods(TestMethodWorker.java:129)
	at org.testng.internal.TestMethodWorker.run(TestMethodWorker.java:112)
	at org.testng.TestRunner.privateRun(TestRunner.java:782)
	at org.testng.TestRunner.run(TestRunner.java:632)
	at org.testng.SuiteRunner.runTest(SuiteRunner.java:366)
	at org.testng.SuiteRunner.runSequentially(SuiteRunner.java:361)
	at org.testng.SuiteRunner.privateRun(SuiteRunner.java:319)
	at org.testng.SuiteRunner.run(SuiteRunner.java:268)
	at org.testng.SuiteRunnerWorker.runSuite(SuiteRunnerWorker.java:52)
	at org.testng.SuiteRunnerWorker.run(SuiteRunnerWorker.java:86)
	at org.testng.TestNG.runSuitesSequentially(TestNG.java:1244)
	at org.testng.TestNG.runSuitesLocally(TestNG.java:1169)
	at org.testng.TestNG.run(TestNG.java:1064)
	at org.testng.remote.RemoteTestNG.run(RemoteTestNG.java:113)
	at org.testng.remote.RemoteTestNG.initAndRun(RemoteTestNG.java:206)
	at org.testng.remote.RemoteTestNG.main(RemoteTestNG.java:177)
</pre></div></td>
<td>0</td>
<td>TestScript.TestHome@7f560810</td></tr>
</table><p>
<table width='100%' border='1' class='invocation-passed'>
<tr><td colspan='4' align='center'><b>PASSED TESTS</b></td></tr>
<tr><td><b>Test method</b></td>
<td width="30%"><b>Exception</b></td>
<td width="10%"><b>Time (seconds)</b></td>
<td><b>Instance</b></td>
</tr>
<tr>
<td title='TestScript.TestRegister.VerifyRegisterPage()'><b>VerifyRegisterPage</b><br>Test class: TestScript.TestRegister<br>Parameters: Vaibhav, Deshmukh, Dhankawadi, vaibhavmdeshmukh39@gmail.com, 9.527279639E9, Male, Cricket, Hindi, English, Java, India, 1994.0, May, 8.0, Vaibhav@123, Vaibhav@123, D:\Vaibhav Study\Software Testing\Automation Testing\eclipse\DemoProject\src\test\resources\Upload\Vaibhav.txt</td>
<td></td>
<td>11</td>
<td>TestScript.TestRegister@26f67b76</td></tr>
<tr>
<td title='TestScript.TestRegister.VerifyRegisterPage()'><b>VerifyRegisterPage</b><br>Test class: TestScript.TestRegister<br>Parameters: Sanket , Jagtap, Hadpsar, sanketjagtap112@gmail.com, 8.888454688E9, Male, Cricket,Movie,Hockey, English,Bulgarian, Python, Australia, 1994.0, October, 15.0, Sanket@123, Sanket@123, D:\Vaibhav Study\Software Testing\Automation Testing\eclipse\DemoProject\src\test\resources\Upload\Sanket.docx</td>
<td></td>
<td>15</td>
<td>TestScript.TestRegister@26f67b76</td></tr>
<tr>
<td title='TestScript.TestRegister.VerifyRegisterPage()'><b>VerifyRegisterPage</b><br>Test class: TestScript.TestRegister<br>Parameters: Gayatri, Deshmukh, pune, gmdeshmukh@gmail.com, 9.960134546E9, Female, Movie,Cricket, Hindi,Russian,Portuguese, C, Denmark, 1997.0, March, 15.0, Gayatri@123, Gayatri@123, D:\Vaibhav Study\Software Testing\Automation Testing\eclipse\DemoProject\src\test\resources\Upload\Gayatri.PDF</td>
<td></td>
<td>11</td>
<td>TestScript.TestRegister@26f67b76</td></tr>
<tr>
<td title='TestScript.TestRegister.VerifyRegisterPage()'><b>VerifyRegisterPage</b><br>Test class: TestScript.TestRegister<br>Parameters: Sunil, Shinde, daund, sshinde@gmail.com, 9.767689797E9, Male, Cricket,Hockey, Spanish, English,Polish, APIs, New Zealand, 1984.0, November, 8.0, Sunil@123, Sunil@123, D:\Vaibhav Study\Software Testing\Automation Testing\eclipse\DemoProject\src\test\resources\Upload\Sunil.xlsx</td>
<td></td>
<td>9</td>
<td>TestScript.TestRegister@26f67b76</td></tr>
<tr>
<td title='TestScript.TestFrame.performNestedFrame()'><b>performNestedFrame</b><br>Test class: TestScript.TestFrame</td>
<td></td>
<td>0</td>
<td>TestScript.TestFrame@153f5a29</td></tr>
<tr>
<td title='TestScript.TestHome.skipSing()'><b>skipSing</b><br>Test class: TestScript.TestHome</td>
<td></td>
<td>7</td>
<td>TestScript.TestHome@7f560810</td></tr>
<tr>
<td title='TestScript.TestAlert.verfiyAlert()'><b>verfiyAlert</b><br>Test class: TestScript.TestAlert</td>
<td></td>
<td>0</td>
<td>TestScript.TestAlert@3dd3bcd</td></tr>
<tr>
<td title='TestScript.TestAlert.verifyAccpectConfirmationAlert()'><b>verifyAccpectConfirmationAlert</b><br>Test class: TestScript.TestAlert</td>
<td></td>
<td>0</td>
<td>TestScript.TestAlert@3dd3bcd</td></tr>
<tr>
<td title='TestScript.TestAlert.verifyCancelConfirmationAlert()'><b>verifyCancelConfirmationAlert</b><br>Test class: TestScript.TestAlert</td>
<td></td>
<td>0</td>
<td>TestScript.TestAlert@3dd3bcd</td></tr>
<tr>
<td title='TestScript.TestFrame.verifyFramePage()'><b>verifyFramePage</b><br>Test class: TestScript.TestFrame</td>
<td></td>
<td>0</td>
<td>TestScript.TestFrame@153f5a29</td></tr>
<tr>
<td title='TestScript.TestWindowHandle.verifyMultipleWindowHandling()'><b>verifyMultipleWindowHandling</b><br>Test class: TestScript.TestWindowHandle</td>
<td></td>
<td>3</td>
<td>TestScript.TestWindowHandle@97e1986</td></tr>
<tr>
<td title='TestScript.TestAlert.verifyPromptAlert()'><b>verifyPromptAlert</b><br>Test class: TestScript.TestAlert</td>
<td></td>
<td>0</td>
<td>TestScript.TestAlert@3dd3bcd</td></tr>
<tr>
<td title='TestScript.TestRegister.verifyRegisterPage()'><b>verifyRegisterPage</b><br>Test class: TestScript.TestRegister</td>
<td></td>
<td>0</td>
<td>TestScript.TestRegister@26f67b76</td></tr>
<tr>
<td title='TestScript.TestRegister.verifyRegisterPageByUsingValidData()'><b>verifyRegisterPageByUsingValidData</b><br>Test class: TestScript.TestRegister</td>
<td></td>
<td>1</td>
<td>TestScript.TestRegister@26f67b76</td></tr>
<tr>
<td title='TestScript.TestWindowHandle.verifySeprateWindowHandle()'><b>verifySeprateWindowHandle</b><br>Test class: TestScript.TestWindowHandle</td>
<td></td>
<td>3</td>
<td>TestScript.TestWindowHandle@97e1986</td></tr>
<tr>
<td title='TestScript.TestAlert.verifySimpleAlert()'><b>verifySimpleAlert</b><br>Test class: TestScript.TestAlert</td>
<td></td>
<td>0</td>
<td>TestScript.TestAlert@3dd3bcd</td></tr>
<tr>
<td title='TestScript.TestWindowHandle.verifySingelwindowHandle()'><b>verifySingelwindowHandle</b><br>Test class: TestScript.TestWindowHandle</td>
<td></td>
<td>1</td>
<td>TestScript.TestWindowHandle@97e1986</td></tr>
<tr>
<td title='TestScript.TestWindowHandle.verifyWindowPage()'><b>verifyWindowPage</b><br>Test class: TestScript.TestWindowHandle</td>
<td></td>
<td>0</td>
<td>TestScript.TestWindowHandle@97e1986</td></tr>
</table><p>
</body>
</html>