<?xml version="1.0" encoding="UTF-8"?>
<!-- Generated by org.testng.reporters.JUnitXMLReporter -->
<testsuite hostname="LAPTOP-G790OGBU" name="Test1" tests="20" failures="2" timestamp="17 May 2024 11:13:34 GMT" time="198.233" errors="0">
  <testcase name="verfiyAlert" time="0.053" classname="TestScript.TestAlert"/>
  <testcase name="verifyAccpectConfirmationAlert" time="0.624" classname="TestScript.TestAlert"/>
  <testcase name="verifyCancelConfirmationAlert" time="0.339" classname="TestScript.TestAlert"/>
  <testcase name="verifyPromptAlert" time="0.452" classname="TestScript.TestAlert"/>
  <testcase name="verifySimpleAlert" time="0.046" classname="TestScript.TestAlert"/>
  <testcase name="verifySeprateWindowHandle" time="3.753" classname="TestScript.TestWindowHandle"/>
  <testcase name="verifySingelwindowHandle" time="1.357" classname="TestScript.TestWindowHandle"/>
  <testcase name="verifyWindowPage" time="0.015" classname="TestScript.TestWindowHandle"/>
  <testcase name="verifyMultipleWindowHandling" time="3.431" classname="TestScript.TestWindowHandle"/>
  <testcase name="VerifyRegisterPage" time="11.713" classname="TestScript.TestRegister"/>
  <testcase name="VerifyRegisterPage" time="15.079" classname="TestScript.TestRegister"/>
  <testcase name="VerifyRegisterPage" time="11.198" classname="TestScript.TestRegister"/>
  <testcase name="VerifyRegisterPage" time="9.106" classname="TestScript.TestRegister"/>
  <testcase name="verifyRegisterPage" time="0.012" classname="TestScript.TestRegister"/>
  <testcase name="verifyRegisterPageByUsingValidData" time="1.284" classname="TestScript.TestRegister"/>
  <testcase name="performNestedFrame" time="0.692" classname="TestScript.TestFrame"/>
  <testcase name="performSingleFrameHandling" time="10.146" classname="TestScript.TestFrame">
    <failure type="org.openqa.selenium.NoSuchElementException" message="no such element: Unable to locate element: {&amp;quot;method&amp;quot;:&amp;quot;xpath&amp;quot;,&amp;quot;selector&amp;quot;:&amp;quot;//h5[text()=&amp;apos;iFrame Demo&amp;apos;]/parent::div/div/div/input&amp;quot;}
  (Session info: chrome=124.0.6367.208)
For documentation on this error, please visit: https://www.selenium.dev/documentation/webdriver/troubleshooting/errors#no-such-element-exception
Build info: version: &amp;apos;4.11.0&amp;apos;, revision: &amp;apos;040bc5406b&amp;apos;
System info: os.name: &amp;apos;Windows 10&amp;apos;, os.arch: &amp;apos;amd64&amp;apos;, os.version: &amp;apos;10.0&amp;apos;, java.version: &amp;apos;1.8.0_202&amp;apos;
Driver info: org.openqa.selenium.chrome.ChromeDriver
Command: [a27fc20abacf4ce9ddcb9c0896b78b0d, findElement {using=xpath, value=//h5[text()=&amp;apos;iFrame Demo&amp;apos;]/parent::div/div/div/input}]
Capabilities {acceptInsecureCerts: true, browserName: chrome, browserVersion: 124.0.6367.208, chrome: {chromedriverVersion: 124.0.6367.207 (a9001a6e39f..., userDataDir: C:\Users\hp\AppData\Local\T...}, fedcm:accounts: true, goog:chromeOptions: {debuggerAddress: localhost:55079}, networkConnectionEnabled: false, pageLoadStrategy: normal, platformName: windows, proxy: Proxy(), se:cdp: ws://localhost:55079/devtoo..., se:cdpVersion: 124.0.6367.208, setWindowRect: true, strictFileInteractability: false, timeouts: {implicit: 0, pageLoad: 300000, script: 30000}, unhandledPromptBehavior: dismiss and notify, webauthn:extension:credBlob: true, webauthn:extension:largeBlob: true, webauthn:extension:minPinLength: true, webauthn:extension:prf: true, webauthn:virtualAuthenticators: true}
Session ID: a27fc20abacf4ce9ddcb9c0896b78b0d">
      <![CDATA[org.openqa.selenium.NoSuchElementException: no such element: Unable to locate element: {"method":"xpath","selector":"//h5[text()='iFrame Demo']/parent::div/div/div/input"}
  (Session info: chrome=124.0.6367.208)
For documentation on this error, please visit: https://www.selenium.dev/documentation/webdriver/troubleshooting/errors#no-such-element-exception
Build info: version: '4.11.0', revision: '040bc5406b'
System info: os.name: 'Windows 10', os.arch: 'amd64', os.version: '10.0', java.version: '1.8.0_202'
Driver info: org.openqa.selenium.chrome.ChromeDriver
Command: [a27fc20abacf4ce9ddcb9c0896b78b0d, findElement {using=xpath, value=//h5[text()='iFrame Demo']/parent::div/div/div/input}]
Capabilities {acceptInsecureCerts: true, browserName: chrome, browserVersion: 124.0.6367.208, chrome: {chromedriverVersion: 124.0.6367.207 (a9001a6e39f..., userDataDir: C:\Users\hp\AppData\Local\T...}, fedcm:accounts: true, goog:chromeOptions: {debuggerAddress: localhost:55079}, networkConnectionEnabled: false, pageLoadStrategy: normal, platformName: windows, proxy: Proxy(), se:cdp: ws://localhost:55079/devtoo..., se:cdpVersion: 124.0.6367.208, setWindowRect: true, strictFileInteractability: false, timeouts: {implicit: 0, pageLoad: 300000, script: 30000}, unhandledPromptBehavior: dismiss and notify, webauthn:extension:credBlob: true, webauthn:extension:largeBlob: true, webauthn:extension:minPinLength: true, webauthn:extension:prf: true, webauthn:virtualAuthenticators: true}
Session ID: a27fc20abacf4ce9ddcb9c0896b78b0d
	at org.openqa.selenium.remote.codec.w3c.W3CHttpResponseCodec.createException(W3CHttpResponseCodec.java:200)
	at org.openqa.selenium.remote.codec.w3c.W3CHttpResponseCodec.decode(W3CHttpResponseCodec.java:133)
	at org.openqa.selenium.remote.codec.w3c.W3CHttpResponseCodec.decode(W3CHttpResponseCodec.java:52)
	at org.openqa.selenium.remote.HttpCommandExecutor.execute(HttpCommandExecutor.java:191)
	at org.openqa.selenium.remote.service.DriverCommandExecutor.invokeExecute(DriverCommandExecutor.java:196)
	at org.openqa.selenium.remote.service.DriverCommandExecutor.execute(DriverCommandExecutor.java:171)
	at org.openqa.selenium.remote.RemoteWebDriver.execute(RemoteWebDriver.java:518)
	at org.openqa.selenium.remote.ElementLocation$ElementFinder$2.findElement(ElementLocation.java:165)
	at org.openqa.selenium.remote.ElementLocation.findElement(ElementLocation.java:59)
	at org.openqa.selenium.remote.RemoteWebDriver.findElement(RemoteWebDriver.java:355)
	at org.openqa.selenium.remote.RemoteWebDriver.findElement(RemoteWebDriver.java:349)
	at org.openqa.selenium.support.pagefactory.DefaultElementLocator.findElement(DefaultElementLocator.java:68)
	at org.openqa.selenium.support.pagefactory.internal.LocatingElementHandler.invoke(LocatingElementHandler.java:38)
	at com.sun.proxy.$Proxy22.clear(Unknown Source)
	at Pom.Framepage.passText(Framepage.java:86)
	at TestScript.TestFrame.performSingleFrameHandling(TestFrame.java:78)
... Removed 28 stack frames]]>
    </failure>
  </testcase> <!-- performSingleFrameHandling -->
  <testcase name="verifyFramePage" time="0.016" classname="TestScript.TestFrame"/>
  <testcase name="skipSing" time="7.986" classname="TestScript.TestHome"/>
  <testcase name="verifyHomePage" time="0.012" classname="TestScript.TestHome">
    <failure type="java.lang.AssertionError" message="expected [Index] but found [Register]">
      <![CDATA[java.lang.AssertionError: expected [Index] but found [Register]
	at TestScript.TestHome.verifyHomePage(TestHome.java:58)
... Removed 30 stack frames]]>
    </failure>
  </testcase> <!-- verifyHomePage -->
</testsuite> <!-- Test1 -->
