<?xml version="1.0" encoding="UTF-8"?>
<testng-results skipped="0" failed="4" total="9" passed="5">
  <reporter-output>
  </reporter-output>
  <suite name="Suite" duration-ms="85416" started-at="2024-11-22T06:55:45Z" finished-at="2024-11-22T06:57:11Z">
    <groups>
      <group name="regression">
        <method signature="TestAlert.verfiyAlert()[pri:0, instance:TestScript.TestAlert@2096442d]" name="verfiyAlert" class="TestScript.TestAlert"/>
        <method signature="TestAlert.verifyAccpectConfirmationAlert()[pri:0, instance:TestScript.TestAlert@2096442d]" name="verifyAccpectConfirmationAlert" class="TestScript.TestAlert"/>
        <method signature="TestAlert.verifyCancelConfirmationAlert()[pri:0, instance:TestScript.TestAlert@2096442d]" name="verifyCancelConfirmationAlert" class="TestScript.TestAlert"/>
        <method signature="TestAlert.verifyPromptAlert()[pri:0, instance:TestScript.TestAlert@2096442d]" name="verifyPromptAlert" class="TestScript.TestAlert"/>
        <method signature="TestAlert.verifySimpleAlert()[pri:0, instance:TestScript.TestAlert@2096442d]" name="verifySimpleAlert" class="TestScript.TestAlert"/>
        <method signature="TestFrame.performNestedFrame()[pri:0, instance:TestScript.TestFrame@737996a0]" name="performNestedFrame" class="TestScript.TestFrame"/>
        <method signature="TestRegister.VerifyRegisterPage(java.lang.String, java.lang.String, java.lang.String, java.lang.String, double, java.lang.String, java.lang.String, java.lang.String, java.lang.String, java.lang.String, double, java.lang.String, double, java.lang.String, java.lang.String, java.lang.String)[pri:0, instance:TestScript.TestRegister@234bef66]" name="VerifyRegisterPage" class="TestScript.TestRegister"/>
        <method signature="TestRegister.verifyRegisterPage()[pri:0, instance:TestScript.TestRegister@234bef66]" name="verifyRegisterPage" class="TestScript.TestRegister"/>
        <method signature="TestWindowHandle.verifyMultipleWindowHandling()[pri:3, instance:TestScript.TestWindowHandle@9f70c54]" name="verifyMultipleWindowHandling" class="TestScript.TestWindowHandle"/>
        <method signature="TestWindowHandle.verifySeprateWindowHandle()[pri:0, instance:TestScript.TestWindowHandle@9f70c54]" name="verifySeprateWindowHandle" class="TestScript.TestWindowHandle"/>
        <method signature="TestWindowHandle.verifyWindowPage()[pri:0, instance:TestScript.TestWindowHandle@9f70c54]" name="verifyWindowPage" class="TestScript.TestWindowHandle"/>
      </group> <!-- regression -->
      <group name="smoke">
        <method signature="TestAlert.verfiyAlert()[pri:0, instance:TestScript.TestAlert@2096442d]" name="verfiyAlert" class="TestScript.TestAlert"/>
        <method signature="TestAlert.verifyCancelConfirmationAlert()[pri:0, instance:TestScript.TestAlert@2096442d]" name="verifyCancelConfirmationAlert" class="TestScript.TestAlert"/>
        <method signature="TestRegister.verifyRegisterPage()[pri:0, instance:TestScript.TestRegister@234bef66]" name="verifyRegisterPage" class="TestScript.TestRegister"/>
        <method signature="TestWindowHandle.verifyWindowPage()[pri:0, instance:TestScript.TestWindowHandle@9f70c54]" name="verifyWindowPage" class="TestScript.TestWindowHandle"/>
      </group> <!-- smoke -->
    </groups>
    <test name="Test" duration-ms="85416" started-at="2024-11-22T06:55:45Z" finished-at="2024-11-22T06:57:11Z">
      <class name="Superclass.Baseclass">
        <test-method status="PASS" signature="ReadPropertyFile()[pri:0, instance:Superclass.Baseclass@2c9f9fb0]" name="ReadPropertyFile" is-config="true" duration-ms="145" started-at="2024-11-22T12:25:45Z" finished-at="2024-11-22T12:25:45Z">
          <reporter-output>
          </reporter-output>
        </test-method> <!-- ReadPropertyFile -->
      </class> <!-- Superclass.Baseclass -->
      <class name="TestScript.TestFrame">
        <test-method status="PASS" signature="setUp(java.lang.String)[pri:0, instance:TestScript.TestFrame@737996a0]" name="setUp" is-config="true" duration-ms="10866" started-at="2024-11-22T12:25:45Z" finished-at="2024-11-22T12:25:56Z">
          <params>
            <param index="0">
              <value>
                <![CDATA[firefox]]>
              </value>
            </param>
          </params>
          <reporter-output>
          </reporter-output>
        </test-method> <!-- setUp -->
        <test-method status="PASS" signature="navigateFramePage()[pri:0, instance:TestScript.TestFrame@737996a0]" name="navigateFramePage" is-config="true" duration-ms="43378" started-at="2024-11-22T12:25:56Z" finished-at="2024-11-22T12:26:40Z">
          <reporter-output>
          </reporter-output>
        </test-method> <!-- navigateFramePage -->
        <test-method status="FAIL" signature="performNestedFrame()[pri:0, instance:TestScript.TestFrame@737996a0]" name="performNestedFrame" duration-ms="1202" started-at="2024-11-22T12:26:40Z" finished-at="2024-11-22T12:26:41Z">
          <exception class="UtilityClass.Customexception">
            <message>
              <![CDATA[An unexpected error occurred: Tried to run command without establishing a connection
Build info: version: '4.11.0', revision: '040bc5406b'
System info: os.name: 'Windows 10', os.arch: 'amd64', os.version: '10.0', java.version: '1.8.0_202'
Driver info: org.openqa.selenium.firefox.FirefoxDriver
Command: [5db82e33-09e7-4383-a038-572d4f3332c3, findElement {using=xpath, value=//div[@id='Multiple']/iframe}]
Capabilities {acceptInsecureCerts: true, browserName: firefox, browserVersion: 132.0.1, moz:accessibilityChecks: false, moz:buildID: 20241103194048, moz:geckodriverVersion: 0.35.0, moz:headless: false, moz:platformVersion: 10.0, moz:processID: 11652, moz:profile: C:\Users\hp\AppData\Local\T..., moz:shutdownTimeout: 60000, moz:webdriverClick: true, moz:windowless: false, pageLoadStrategy: normal, platformName: windows, proxy: Proxy(), setWindowRect: true, strictFileInteractability: false, timeouts: {implicit: 0, pageLoad: 300000, script: 30000}, unhandledPromptBehavior: dismiss and notify, userAgent: Mozilla/5.0 (Windows NT 10....}
Session ID: 5db82e33-09e7-4383-a038-572d4f3332c3]]>
            </message>
            <full-stacktrace>
              <![CDATA[UtilityClass.Customexception: An unexpected error occurred: Tried to run command without establishing a connection
Build info: version: '4.11.0', revision: '040bc5406b'
System info: os.name: 'Windows 10', os.arch: 'amd64', os.version: '10.0', java.version: '1.8.0_202'
Driver info: org.openqa.selenium.firefox.FirefoxDriver
Command: [5db82e33-09e7-4383-a038-572d4f3332c3, findElement {using=xpath, value=//div[@id='Multiple']/iframe}]
Capabilities {acceptInsecureCerts: true, browserName: firefox, browserVersion: 132.0.1, moz:accessibilityChecks: false, moz:buildID: 20241103194048, moz:geckodriverVersion: 0.35.0, moz:headless: false, moz:platformVersion: 10.0, moz:processID: 11652, moz:profile: C:\Users\hp\AppData\Local\T..., moz:shutdownTimeout: 60000, moz:webdriverClick: true, moz:windowless: false, pageLoadStrategy: normal, platformName: windows, proxy: Proxy(), setWindowRect: true, strictFileInteractability: false, timeouts: {implicit: 0, pageLoad: 300000, script: 30000}, unhandledPromptBehavior: dismiss and notify, userAgent: Mozilla/5.0 (Windows NT 10....}
Session ID: 5db82e33-09e7-4383-a038-572d4f3332c3
	at Pom.Framepage.switchToNestedFirstFrame(Framepage.java:145)
	at TestScript.TestFrame.performNestedFrame(TestFrame.java:95)
	at sun.reflect.NativeMethodAccessorImpl.invoke0(Native Method)
	at sun.reflect.NativeMethodAccessorImpl.invoke(Unknown Source)
	at sun.reflect.DelegatingMethodAccessorImpl.invoke(Unknown Source)
	at java.lang.reflect.Method.invoke(Unknown Source)
	at org.testng.internal.MethodInvocationHelper.invokeMethod(MethodInvocationHelper.java:86)
	at org.testng.internal.Invoker.invokeMethod(Invoker.java:645)
	at org.testng.internal.Invoker.invokeTestMethod(Invoker.java:822)
	at org.testng.internal.Invoker.invokeTestMethods(Invoker.java:1130)
	at org.testng.internal.TestMethodWorker.invokeTestMethods(TestMethodWorker.java:129)
	at org.testng.internal.TestMethodWorker.run(TestMethodWorker.java:112)
	at java.util.concurrent.ThreadPoolExecutor.runWorker(Unknown Source)
	at java.util.concurrent.ThreadPoolExecutor$Worker.run(Unknown Source)
	at java.lang.Thread.run(Unknown Source)
]]>
            </full-stacktrace>
          </exception> <!-- UtilityClass.Customexception -->
          <reporter-output>
          </reporter-output>
        </test-method> <!-- performNestedFrame -->
        <test-method status="FAIL" signature="tearDown()[pri:0, instance:TestScript.TestFrame@737996a0]" name="tearDown" is-config="true" duration-ms="0" started-at="2024-11-22T12:26:41Z" finished-at="2024-11-22T12:26:41Z">
          <exception class="org.openqa.selenium.NoSuchSessionException">
            <message>
              <![CDATA[Tried to run command without establishing a connection
Build info: version: '4.11.0', revision: '040bc5406b'
System info: os.name: 'Windows 10', os.arch: 'amd64', os.version: '10.0', java.version: '1.8.0_202'
Driver info: org.openqa.selenium.firefox.FirefoxDriver
Command: [5db82e33-09e7-4383-a038-572d4f3332c3, close {}]
Capabilities {acceptInsecureCerts: true, browserName: firefox, browserVersion: 132.0.1, moz:accessibilityChecks: false, moz:buildID: 20241103194048, moz:geckodriverVersion: 0.35.0, moz:headless: false, moz:platformVersion: 10.0, moz:processID: 11652, moz:profile: C:\Users\hp\AppData\Local\T..., moz:shutdownTimeout: 60000, moz:webdriverClick: true, moz:windowless: false, pageLoadStrategy: normal, platformName: windows, proxy: Proxy(), setWindowRect: true, strictFileInteractability: false, timeouts: {implicit: 0, pageLoad: 300000, script: 30000}, unhandledPromptBehavior: dismiss and notify, userAgent: Mozilla/5.0 (Windows NT 10....}
Session ID: 5db82e33-09e7-4383-a038-572d4f3332c3]]>
            </message>
            <full-stacktrace>
              <![CDATA[org.openqa.selenium.NoSuchSessionException: Tried to run command without establishing a connection
Build info: version: '4.11.0', revision: '040bc5406b'
System info: os.name: 'Windows 10', os.arch: 'amd64', os.version: '10.0', java.version: '1.8.0_202'
Driver info: org.openqa.selenium.firefox.FirefoxDriver
Command: [5db82e33-09e7-4383-a038-572d4f3332c3, close {}]
Capabilities {acceptInsecureCerts: true, browserName: firefox, browserVersion: 132.0.1, moz:accessibilityChecks: false, moz:buildID: 20241103194048, moz:geckodriverVersion: 0.35.0, moz:headless: false, moz:platformVersion: 10.0, moz:processID: 11652, moz:profile: C:\Users\hp\AppData\Local\T..., moz:shutdownTimeout: 60000, moz:webdriverClick: true, moz:windowless: false, pageLoadStrategy: normal, platformName: windows, proxy: Proxy(), setWindowRect: true, strictFileInteractability: false, timeouts: {implicit: 0, pageLoad: 300000, script: 30000}, unhandledPromptBehavior: dismiss and notify, userAgent: Mozilla/5.0 (Windows NT 10....}
Session ID: 5db82e33-09e7-4383-a038-572d4f3332c3
	at sun.reflect.NativeConstructorAccessorImpl.newInstance0(Native Method)
	at sun.reflect.NativeConstructorAccessorImpl.newInstance(Unknown Source)
	at sun.reflect.DelegatingConstructorAccessorImpl.newInstance(Unknown Source)
	at java.lang.reflect.Constructor.newInstance(Unknown Source)
	at org.openqa.selenium.remote.codec.w3c.W3CHttpResponseCodec.createException(W3CHttpResponseCodec.java:200)
	at org.openqa.selenium.remote.codec.w3c.W3CHttpResponseCodec.decode(W3CHttpResponseCodec.java:133)
	at org.openqa.selenium.remote.codec.w3c.W3CHttpResponseCodec.decode(W3CHttpResponseCodec.java:52)
	at org.openqa.selenium.remote.HttpCommandExecutor.execute(HttpCommandExecutor.java:191)
	at org.openqa.selenium.remote.service.DriverCommandExecutor.invokeExecute(DriverCommandExecutor.java:196)
	at org.openqa.selenium.remote.service.DriverCommandExecutor.execute(DriverCommandExecutor.java:171)
	at org.openqa.selenium.remote.RemoteWebDriver.execute(RemoteWebDriver.java:518)
	at org.openqa.selenium.remote.RemoteWebDriver.execute(RemoteWebDriver.java:591)
	at org.openqa.selenium.remote.RemoteWebDriver.execute(RemoteWebDriver.java:595)
	at org.openqa.selenium.remote.RemoteWebDriver.close(RemoteWebDriver.java:405)
	at Superclass.Baseclass.CloseTab(Baseclass.java:303)
	at TestScript.TestFrame.tearDown(TestFrame.java:105)
	at sun.reflect.NativeMethodAccessorImpl.invoke0(Native Method)
	at sun.reflect.NativeMethodAccessorImpl.invoke(Unknown Source)
	at sun.reflect.DelegatingMethodAccessorImpl.invoke(Unknown Source)
	at java.lang.reflect.Method.invoke(Unknown Source)
	at org.testng.internal.MethodInvocationHelper.invokeMethod(MethodInvocationHelper.java:86)
	at org.testng.internal.Invoker.invokeConfigurationMethod(Invoker.java:514)
	at org.testng.internal.Invoker.invokeConfigurations(Invoker.java:215)
	at org.testng.internal.Invoker.invokeConfigurations(Invoker.java:142)
	at org.testng.internal.TestMethodWorker.invokeAfterClassMethods(TestMethodWorker.java:232)
	at org.testng.internal.TestMethodWorker.run(TestMethodWorker.java:115)
	at java.util.concurrent.ThreadPoolExecutor.runWorker(Unknown Source)
	at java.util.concurrent.ThreadPoolExecutor$Worker.run(Unknown Source)
	at java.lang.Thread.run(Unknown Source)
]]>
            </full-stacktrace>
          </exception> <!-- org.openqa.selenium.NoSuchSessionException -->
          <reporter-output>
          </reporter-output>
        </test-method> <!-- tearDown -->
      </class> <!-- TestScript.TestFrame -->
      <class name="TestScript.TestWindowHandle">
        <test-method status="PASS" signature="setUp(java.lang.String)[pri:0, instance:TestScript.TestWindowHandle@9f70c54]" name="setUp" is-config="true" duration-ms="10111" started-at="2024-11-22T12:25:45Z" finished-at="2024-11-22T12:25:55Z">
          <params>
            <param index="0">
              <value>
                <![CDATA[firefox]]>
              </value>
            </param>
          </params>
          <reporter-output>
          </reporter-output>
        </test-method> <!-- setUp -->
        <test-method status="PASS" signature="navigateTOWindowPage()[pri:0, instance:TestScript.TestWindowHandle@9f70c54]" name="navigateTOWindowPage" is-config="true" duration-ms="44123" started-at="2024-11-22T12:25:55Z" finished-at="2024-11-22T12:26:40Z">
          <reporter-output>
          </reporter-output>
        </test-method> <!-- navigateTOWindowPage -->
        <test-method status="FAIL" signature="verifySeprateWindowHandle()[pri:0, instance:TestScript.TestWindowHandle@9f70c54]" name="verifySeprateWindowHandle" duration-ms="1206" started-at="2024-11-22T12:26:40Z" finished-at="2024-11-22T12:26:41Z">
          <exception class="UtilityClass.Customexception">
            <message>
              <![CDATA[An unexpected error occurred: Tried to run command without establishing a connection
Build info: version: '4.11.0', revision: '040bc5406b'
System info: os.name: 'Windows 10', os.arch: 'amd64', os.version: '10.0', java.version: '1.8.0_202'
Driver info: org.openqa.selenium.firefox.FirefoxDriver
Command: [5db82e33-09e7-4383-a038-572d4f3332c3, findElement {using=xpath, value=//a[text()='Open New Seperate Windows']}]
Capabilities {acceptInsecureCerts: true, browserName: firefox, browserVersion: 132.0.1, moz:accessibilityChecks: false, moz:buildID: 20241103194048, moz:geckodriverVersion: 0.35.0, moz:headless: false, moz:platformVersion: 10.0, moz:processID: 11652, moz:profile: C:\Users\hp\AppData\Local\T..., moz:shutdownTimeout: 60000, moz:webdriverClick: true, moz:windowless: false, pageLoadStrategy: normal, platformName: windows, proxy: Proxy(), setWindowRect: true, strictFileInteractability: false, timeouts: {implicit: 0, pageLoad: 300000, script: 30000}, unhandledPromptBehavior: dismiss and notify, userAgent: Mozilla/5.0 (Windows NT 10....}
Session ID: 5db82e33-09e7-4383-a038-572d4f3332c3]]>
            </message>
            <full-stacktrace>
              <![CDATA[UtilityClass.Customexception: An unexpected error occurred: Tried to run command without establishing a connection
Build info: version: '4.11.0', revision: '040bc5406b'
System info: os.name: 'Windows 10', os.arch: 'amd64', os.version: '10.0', java.version: '1.8.0_202'
Driver info: org.openqa.selenium.firefox.FirefoxDriver
Command: [5db82e33-09e7-4383-a038-572d4f3332c3, findElement {using=xpath, value=//a[text()='Open New Seperate Windows']}]
Capabilities {acceptInsecureCerts: true, browserName: firefox, browserVersion: 132.0.1, moz:accessibilityChecks: false, moz:buildID: 20241103194048, moz:geckodriverVersion: 0.35.0, moz:headless: false, moz:platformVersion: 10.0, moz:processID: 11652, moz:profile: C:\Users\hp\AppData\Local\T..., moz:shutdownTimeout: 60000, moz:webdriverClick: true, moz:windowless: false, pageLoadStrategy: normal, platformName: windows, proxy: Proxy(), setWindowRect: true, strictFileInteractability: false, timeouts: {implicit: 0, pageLoad: 300000, script: 30000}, unhandledPromptBehavior: dismiss and notify, userAgent: Mozilla/5.0 (Windows NT 10....}
Session ID: 5db82e33-09e7-4383-a038-572d4f3332c3
	at Pom.WindowPage.clickOpenNewSeperateWindowBtn(WindowPage.java:140)
	at TestScript.TestWindowHandle.verifySeprateWindowHandle(TestWindowHandle.java:110)
	at sun.reflect.NativeMethodAccessorImpl.invoke0(Native Method)
	at sun.reflect.NativeMethodAccessorImpl.invoke(Unknown Source)
	at sun.reflect.DelegatingMethodAccessorImpl.invoke(Unknown Source)
	at java.lang.reflect.Method.invoke(Unknown Source)
	at org.testng.internal.MethodInvocationHelper.invokeMethod(MethodInvocationHelper.java:86)
	at org.testng.internal.Invoker.invokeMethod(Invoker.java:645)
	at org.testng.internal.Invoker.invokeTestMethod(Invoker.java:822)
	at org.testng.internal.Invoker.invokeTestMethods(Invoker.java:1130)
	at org.testng.internal.TestMethodWorker.invokeTestMethods(TestMethodWorker.java:129)
	at org.testng.internal.TestMethodWorker.run(TestMethodWorker.java:112)
	at java.util.concurrent.ThreadPoolExecutor.runWorker(Unknown Source)
	at java.util.concurrent.ThreadPoolExecutor$Worker.run(Unknown Source)
	at java.lang.Thread.run(Unknown Source)
]]>
            </full-stacktrace>
          </exception> <!-- UtilityClass.Customexception -->
          <reporter-output>
          </reporter-output>
        </test-method> <!-- verifySeprateWindowHandle -->
        <test-method status="FAIL" signature="verifyMultipleWindowHandling()[pri:3, instance:TestScript.TestWindowHandle@9f70c54]" name="verifyMultipleWindowHandling" duration-ms="17" started-at="2024-11-22T12:26:41Z" finished-at="2024-11-22T12:26:41Z">
          <exception class="UtilityClass.Customexception">
            <message>
              <![CDATA[An unexpected error occurred: Tried to run command without establishing a connection
Build info: version: '4.11.0', revision: '040bc5406b'
System info: os.name: 'Windows 10', os.arch: 'amd64', os.version: '10.0', java.version: '1.8.0_202'
Driver info: org.openqa.selenium.firefox.FirefoxDriver
Command: [5db82e33-09e7-4383-a038-572d4f3332c3, findElement {using=xpath, value=//a[text()='Open Seperate Multiple Windows']}]
Capabilities {acceptInsecureCerts: true, browserName: firefox, browserVersion: 132.0.1, moz:accessibilityChecks: false, moz:buildID: 20241103194048, moz:geckodriverVersion: 0.35.0, moz:headless: false, moz:platformVersion: 10.0, moz:processID: 11652, moz:profile: C:\Users\hp\AppData\Local\T..., moz:shutdownTimeout: 60000, moz:webdriverClick: true, moz:windowless: false, pageLoadStrategy: normal, platformName: windows, proxy: Proxy(), setWindowRect: true, strictFileInteractability: false, timeouts: {implicit: 0, pageLoad: 300000, script: 30000}, unhandledPromptBehavior: dismiss and notify, userAgent: Mozilla/5.0 (Windows NT 10....}
Session ID: 5db82e33-09e7-4383-a038-572d4f3332c3]]>
            </message>
            <full-stacktrace>
              <![CDATA[UtilityClass.Customexception: An unexpected error occurred: Tried to run command without establishing a connection
Build info: version: '4.11.0', revision: '040bc5406b'
System info: os.name: 'Windows 10', os.arch: 'amd64', os.version: '10.0', java.version: '1.8.0_202'
Driver info: org.openqa.selenium.firefox.FirefoxDriver
Command: [5db82e33-09e7-4383-a038-572d4f3332c3, findElement {using=xpath, value=//a[text()='Open Seperate Multiple Windows']}]
Capabilities {acceptInsecureCerts: true, browserName: firefox, browserVersion: 132.0.1, moz:accessibilityChecks: false, moz:buildID: 20241103194048, moz:geckodriverVersion: 0.35.0, moz:headless: false, moz:platformVersion: 10.0, moz:processID: 11652, moz:profile: C:\Users\hp\AppData\Local\T..., moz:shutdownTimeout: 60000, moz:webdriverClick: true, moz:windowless: false, pageLoadStrategy: normal, platformName: windows, proxy: Proxy(), setWindowRect: true, strictFileInteractability: false, timeouts: {implicit: 0, pageLoad: 300000, script: 30000}, unhandledPromptBehavior: dismiss and notify, userAgent: Mozilla/5.0 (Windows NT 10....}
Session ID: 5db82e33-09e7-4383-a038-572d4f3332c3
	at Pom.WindowPage.openSeperateMultipleWindowsBtn(WindowPage.java:166)
	at TestScript.TestWindowHandle.verifyMultipleWindowHandling(TestWindowHandle.java:137)
	at sun.reflect.NativeMethodAccessorImpl.invoke0(Native Method)
	at sun.reflect.NativeMethodAccessorImpl.invoke(Unknown Source)
	at sun.reflect.DelegatingMethodAccessorImpl.invoke(Unknown Source)
	at java.lang.reflect.Method.invoke(Unknown Source)
	at org.testng.internal.MethodInvocationHelper.invokeMethod(MethodInvocationHelper.java:86)
	at org.testng.internal.Invoker.invokeMethod(Invoker.java:645)
	at org.testng.internal.Invoker.invokeTestMethod(Invoker.java:822)
	at org.testng.internal.Invoker.invokeTestMethods(Invoker.java:1130)
	at org.testng.internal.TestMethodWorker.invokeTestMethods(TestMethodWorker.java:129)
	at org.testng.internal.TestMethodWorker.run(TestMethodWorker.java:112)
	at java.util.concurrent.ThreadPoolExecutor.runWorker(Unknown Source)
	at java.util.concurrent.ThreadPoolExecutor$Worker.run(Unknown Source)
	at java.lang.Thread.run(Unknown Source)
]]>
            </full-stacktrace>
          </exception> <!-- UtilityClass.Customexception -->
          <reporter-output>
          </reporter-output>
        </test-method> <!-- verifyMultipleWindowHandling -->
      </class> <!-- TestScript.TestWindowHandle -->
      <class name="TestScript.TestRegister">
        <test-method status="PASS" signature="setUp(java.lang.String)[pri:0, instance:TestScript.TestRegister@234bef66]" name="setUp" is-config="true" duration-ms="10158" started-at="2024-11-22T12:25:45Z" finished-at="2024-11-22T12:25:55Z">
          <params>
            <param index="0">
              <value>
                <![CDATA[firefox]]>
              </value>
            </param>
          </params>
          <reporter-output>
          </reporter-output>
        </test-method> <!-- setUp -->
        <test-method status="PASS" signature="navigateRegisterPage()[pri:0, instance:TestScript.TestRegister@234bef66]" name="navigateRegisterPage" is-config="true" duration-ms="74083" started-at="2024-11-22T12:25:55Z" finished-at="2024-11-22T12:27:10Z">
          <reporter-output>
          </reporter-output>
        </test-method> <!-- navigateRegisterPage -->
        <test-method status="FAIL" signature="VerifyRegisterPage(java.lang.String, java.lang.String, java.lang.String, java.lang.String, double, java.lang.String, java.lang.String, java.lang.String, java.lang.String, java.lang.String, double, java.lang.String, double, java.lang.String, java.lang.String, java.lang.String)[pri:0, instance:TestScript.TestRegister@234bef66]" name="VerifyRegisterPage" duration-ms="5" started-at="2024-11-22T12:27:11Z" data-provider="GetData" finished-at="2024-11-22T12:27:11Z">
          <params>
            <param index="0">
              <value>
                <![CDATA[Vaibhav]]>
              </value>
            </param>
            <param index="1">
              <value>
                <![CDATA[Deshmukh]]>
              </value>
            </param>
            <param index="2">
              <value>
                <![CDATA[Dhankawadi]]>
              </value>
            </param>
            <param index="3">
              <value>
                <![CDATA[vaibhavmdeshmukh39@gmail.com]]>
              </value>
            </param>
            <param index="4">
              <value>
                <![CDATA[9.527279639E9]]>
              </value>
            </param>
            <param index="5">
              <value>
                <![CDATA[Male]]>
              </value>
            </param>
            <param index="6">
              <value>
                <![CDATA[Cricket]]>
              </value>
            </param>
            <param index="7">
              <value>
                <![CDATA[Hindi, English]]>
              </value>
            </param>
            <param index="8">
              <value>
                <![CDATA[Java]]>
              </value>
            </param>
            <param index="9">
              <value>
                <![CDATA[India]]>
              </value>
            </param>
            <param index="10">
              <value>
                <![CDATA[1994.0]]>
              </value>
            </param>
            <param index="11">
              <value>
                <![CDATA[May]]>
              </value>
            </param>
            <param index="12">
              <value>
                <![CDATA[8.0]]>
              </value>
            </param>
            <param index="13">
              <value>
                <![CDATA[Vaibhav@123]]>
              </value>
            </param>
            <param index="14">
              <value>
                <![CDATA[Vaibhav@123]]>
              </value>
            </param>
            <param index="15">
              <value>
                <![CDATA[D:\Vaibhav Study\Software Testing\Automation Testing\eclipse\DemoProject\src\test\resources\Upload\Vaibhav.txt]]>
              </value>
            </param>
          </params>
          <exception class="org.openqa.selenium.NoSuchSessionException">
            <message>
              <![CDATA[Tried to run command without establishing a connection
Build info: version: '4.11.0', revision: '040bc5406b'
System info: os.name: 'Windows 10', os.arch: 'amd64', os.version: '10.0', java.version: '1.8.0_202'
Driver info: org.openqa.selenium.firefox.FirefoxDriver
Command: [5db82e33-09e7-4383-a038-572d4f3332c3, refresh {}]
Capabilities {acceptInsecureCerts: true, browserName: firefox, browserVersion: 132.0.1, moz:accessibilityChecks: false, moz:buildID: 20241103194048, moz:geckodriverVersion: 0.35.0, moz:headless: false, moz:platformVersion: 10.0, moz:processID: 11652, moz:profile: C:\Users\hp\AppData\Local\T..., moz:shutdownTimeout: 60000, moz:webdriverClick: true, moz:windowless: false, pageLoadStrategy: normal, platformName: windows, proxy: Proxy(), setWindowRect: true, strictFileInteractability: false, timeouts: {implicit: 0, pageLoad: 300000, script: 30000}, unhandledPromptBehavior: dismiss and notify, userAgent: Mozilla/5.0 (Windows NT 10....}
Session ID: 5db82e33-09e7-4383-a038-572d4f3332c3]]>
            </message>
            <full-stacktrace>
              <![CDATA[org.openqa.selenium.NoSuchSessionException: Tried to run command without establishing a connection
Build info: version: '4.11.0', revision: '040bc5406b'
System info: os.name: 'Windows 10', os.arch: 'amd64', os.version: '10.0', java.version: '1.8.0_202'
Driver info: org.openqa.selenium.firefox.FirefoxDriver
Command: [5db82e33-09e7-4383-a038-572d4f3332c3, refresh {}]
Capabilities {acceptInsecureCerts: true, browserName: firefox, browserVersion: 132.0.1, moz:accessibilityChecks: false, moz:buildID: 20241103194048, moz:geckodriverVersion: 0.35.0, moz:headless: false, moz:platformVersion: 10.0, moz:processID: 11652, moz:profile: C:\Users\hp\AppData\Local\T..., moz:shutdownTimeout: 60000, moz:webdriverClick: true, moz:windowless: false, pageLoadStrategy: normal, platformName: windows, proxy: Proxy(), setWindowRect: true, strictFileInteractability: false, timeouts: {implicit: 0, pageLoad: 300000, script: 30000}, unhandledPromptBehavior: dismiss and notify, userAgent: Mozilla/5.0 (Windows NT 10....}
Session ID: 5db82e33-09e7-4383-a038-572d4f3332c3
	at sun.reflect.NativeConstructorAccessorImpl.newInstance0(Native Method)
	at sun.reflect.NativeConstructorAccessorImpl.newInstance(Unknown Source)
	at sun.reflect.DelegatingConstructorAccessorImpl.newInstance(Unknown Source)
	at java.lang.reflect.Constructor.newInstance(Unknown Source)
	at org.openqa.selenium.remote.codec.w3c.W3CHttpResponseCodec.createException(W3CHttpResponseCodec.java:200)
	at org.openqa.selenium.remote.codec.w3c.W3CHttpResponseCodec.decode(W3CHttpResponseCodec.java:133)
	at org.openqa.selenium.remote.codec.w3c.W3CHttpResponseCodec.decode(W3CHttpResponseCodec.java:52)
	at org.openqa.selenium.remote.HttpCommandExecutor.execute(HttpCommandExecutor.java:191)
	at org.openqa.selenium.remote.service.DriverCommandExecutor.invokeExecute(DriverCommandExecutor.java:196)
	at org.openqa.selenium.remote.service.DriverCommandExecutor.execute(DriverCommandExecutor.java:171)
	at org.openqa.selenium.remote.RemoteWebDriver.execute(RemoteWebDriver.java:518)
	at org.openqa.selenium.remote.RemoteWebDriver.execute(RemoteWebDriver.java:591)
	at org.openqa.selenium.remote.RemoteWebDriver.execute(RemoteWebDriver.java:595)
	at org.openqa.selenium.remote.RemoteWebDriver$RemoteNavigation.refresh(RemoteWebDriver.java:1017)
	at UtilityClass.ActionsMethod.Navigate(ActionsMethod.java:74)
	at TestScript.TestRegister.VerifyRegisterPage(TestRegister.java:76)
	at sun.reflect.NativeMethodAccessorImpl.invoke0(Native Method)
	at sun.reflect.NativeMethodAccessorImpl.invoke(Unknown Source)
	at sun.reflect.DelegatingMethodAccessorImpl.invoke(Unknown Source)
	at java.lang.reflect.Method.invoke(Unknown Source)
	at org.testng.internal.MethodInvocationHelper.invokeMethod(MethodInvocationHelper.java:86)
	at org.testng.internal.Invoker.invokeMethod(Invoker.java:645)
	at org.testng.internal.Invoker.invokeTestMethod(Invoker.java:822)
	at org.testng.internal.Invoker.invokeTestMethods(Invoker.java:1130)
	at org.testng.internal.TestMethodWorker.invokeTestMethods(TestMethodWorker.java:129)
	at org.testng.internal.TestMethodWorker.run(TestMethodWorker.java:112)
	at java.util.concurrent.ThreadPoolExecutor.runWorker(Unknown Source)
	at java.util.concurrent.ThreadPoolExecutor$Worker.run(Unknown Source)
	at java.lang.Thread.run(Unknown Source)
]]>
            </full-stacktrace>
          </exception> <!-- org.openqa.selenium.NoSuchSessionException -->
          <reporter-output>
          </reporter-output>
        </test-method> <!-- VerifyRegisterPage -->
      </class> <!-- TestScript.TestRegister -->
      <class name="TestScript.TestAlert">
        <test-method status="PASS" signature="setUp(java.lang.String)[pri:0, instance:TestScript.TestAlert@2096442d]" name="setUp" is-config="true" duration-ms="12208" started-at="2024-11-22T12:25:45Z" finished-at="2024-11-22T12:25:58Z">
          <params>
            <param index="0">
              <value>
                <![CDATA[firefox]]>
              </value>
            </param>
          </params>
          <reporter-output>
          </reporter-output>
        </test-method> <!-- setUp -->
        <test-method status="PASS" signature="navigateAlertPage()[pri:0, instance:TestScript.TestAlert@2096442d]" name="navigateAlertPage" is-config="true" duration-ms="39238" started-at="2024-11-22T12:25:58Z" finished-at="2024-11-22T12:26:37Z">
          <reporter-output>
          </reporter-output>
        </test-method> <!-- navigateAlertPage -->
        <test-method status="PASS" signature="verfiyAlert()[pri:0, instance:TestScript.TestAlert@2096442d]" name="verfiyAlert" duration-ms="17" started-at="2024-11-22T12:26:37Z" finished-at="2024-11-22T12:26:37Z">
          <reporter-output>
          </reporter-output>
        </test-method> <!-- verfiyAlert -->
        <test-method status="PASS" signature="verifyAccpectConfirmationAlert()[pri:0, instance:TestScript.TestAlert@2096442d]" name="verifyAccpectConfirmationAlert" duration-ms="594" started-at="2024-11-22T12:26:37Z" finished-at="2024-11-22T12:26:38Z">
          <reporter-output>
          </reporter-output>
        </test-method> <!-- verifyAccpectConfirmationAlert -->
        <test-method status="PASS" signature="verifyCancelConfirmationAlert()[pri:0, instance:TestScript.TestAlert@2096442d]" name="verifyCancelConfirmationAlert" duration-ms="373" started-at="2024-11-22T12:26:38Z" finished-at="2024-11-22T12:26:38Z">
          <reporter-output>
          </reporter-output>
        </test-method> <!-- verifyCancelConfirmationAlert -->
        <test-method status="PASS" signature="verifyPromptAlert()[pri:0, instance:TestScript.TestAlert@2096442d]" name="verifyPromptAlert" duration-ms="445" started-at="2024-11-22T12:26:38Z" finished-at="2024-11-22T12:26:39Z">
          <reporter-output>
          </reporter-output>
        </test-method> <!-- verifyPromptAlert -->
        <test-method status="PASS" signature="verifySimpleAlert()[pri:0, instance:TestScript.TestAlert@2096442d]" name="verifySimpleAlert" duration-ms="32" started-at="2024-11-22T12:26:39Z" finished-at="2024-11-22T12:26:39Z">
          <reporter-output>
          </reporter-output>
        </test-method> <!-- verifySimpleAlert -->
        <test-method status="PASS" signature="tearDown()[pri:0, instance:TestScript.TestAlert@2096442d]" name="tearDown" is-config="true" duration-ms="1588" started-at="2024-11-22T12:26:39Z" finished-at="2024-11-22T12:26:41Z">
          <reporter-output>
          </reporter-output>
        </test-method> <!-- tearDown -->
      </class> <!-- TestScript.TestAlert -->
    </test> <!-- Test -->
  </suite> <!-- Suite -->
</testng-results>
