<?xml version="1.0" encoding="UTF-8"?>
<!-- Generated by org.testng.reporters.JUnitReportReporter -->
<testsuite hostname="LAPTOP-G790OGBU" name="TestScript.TestRegister" tests="5" failures="0" timestamp="25 Jun 2024 10:28:13 GMT" time="23.985" errors="3">
  <testcase name="VerifyRegisterPage" time="10.100" classname="TestScript.TestRegister"/>
  <testcase name="VerifyRegisterPage" time="4.609" classname="TestScript.TestRegister">
    <error type="org.openqa.selenium.ElementClickInterceptedException" message="Element &lt;a class=&quot;ui-corner-all&quot;&gt; is not clickable at point (619,722) because another element &lt;iframe id=&quot;aswift_2&quot; name=&quot;aswift_2&quot; src=&quot;https://googleads.g.doubleclick.net/pagead/html/r20240618/r20110914/zrt_lookup_fy2021.html#RS-0-&amp;adk=1812271801&amp;client=ca-pub-9173866185064071&amp;fa=1&amp;ifi=3&amp;uci=a!3&amp;btvi=1&quot;&gt; obscures it
Build info: version: &#039;4.11.0&#039;, revision: &#039;040bc5406b&#039;
System info: os.name: &#039;Windows 10&#039;, os.arch: &#039;amd64&#039;, os.version: &#039;10.0&#039;, java.version: &#039;1.8.0_202&#039;
Driver info: org.openqa.selenium.firefox.FirefoxDriver
Command: [2c7c4fa8-7241-4356-a50b-7470399bf57f, clickElement {id=1a9d9216-5a3f-4a5d-a27d-cd91e8c18bc4}]
Capabilities {acceptInsecureCerts: true, browserName: firefox, browserVersion: 127.0.1, moz:accessibilityChecks: false, moz:buildID: 20240618110440, moz:debuggerAddress: 127.0.0.1:47713, moz:geckodriverVersion: 0.34.0, moz:headless: false, moz:platformVersion: 10.0, moz:processID: 22432, moz:profile: C:\Users\hp\AppData\Local\T..., moz:shutdownTimeout: 60000, moz:webdriverClick: true, moz:windowless: false, pageLoadStrategy: normal, platformName: windows, proxy: Proxy(), se:cdp: ws://127.0.0.1:47713/devtoo..., se:cdpVersion: 85.0, setWindowRect: true, strictFileInteractability: false, timeouts: {implicit: 0, pageLoad: 300000, script: 30000}, unhandledPromptBehavior: dismiss and notify, userAgent: Mozilla/5.0 (Windows NT 10....}
Element: [[FirefoxDriver: firefox on windows (2c7c4fa8-7241-4356-a50b-7470399bf57f)] -&gt; xpath: //form[@id=&#039;basicBootstrapForm&#039;]/div[7]//div/multi-select/div[2]/ul/li/a]
Session ID: 2c7c4fa8-7241-4356-a50b-7470399bf57f">
      <![CDATA[org.openqa.selenium.ElementClickInterceptedException: Element <a class="ui-corner-all"> is not clickable at point (619,722) because another element <iframe id="aswift_2" name="aswift_2" src="https://googleads.g.doubleclick.net/pagead/html/r20240618/r20110914/zrt_lookup_fy2021.html#RS-0-&adk=1812271801&client=ca-pub-9173866185064071&fa=1&ifi=3&uci=a!3&btvi=1"> obscures it
Build info: version: '4.11.0', revision: '040bc5406b'
System info: os.name: 'Windows 10', os.arch: 'amd64', os.version: '10.0', java.version: '1.8.0_202'
Driver info: org.openqa.selenium.firefox.FirefoxDriver
Command: [2c7c4fa8-7241-4356-a50b-7470399bf57f, clickElement {id=1a9d9216-5a3f-4a5d-a27d-cd91e8c18bc4}]
Capabilities {acceptInsecureCerts: true, browserName: firefox, browserVersion: 127.0.1, moz:accessibilityChecks: false, moz:buildID: 20240618110440, moz:debuggerAddress: 127.0.0.1:47713, moz:geckodriverVersion: 0.34.0, moz:headless: false, moz:platformVersion: 10.0, moz:processID: 22432, moz:profile: C:\Users\hp\AppData\Local\T..., moz:shutdownTimeout: 60000, moz:webdriverClick: true, moz:windowless: false, pageLoadStrategy: normal, platformName: windows, proxy: Proxy(), se:cdp: ws://127.0.0.1:47713/devtoo..., se:cdpVersion: 85.0, setWindowRect: true, strictFileInteractability: false, timeouts: {implicit: 0, pageLoad: 300000, script: 30000}, unhandledPromptBehavior: dismiss and notify, userAgent: Mozilla/5.0 (Windows NT 10....}
Element: [[FirefoxDriver: firefox on windows (2c7c4fa8-7241-4356-a50b-7470399bf57f)] -> xpath: //form[@id='basicBootstrapForm']/div[7]//div/multi-select/div[2]/ul/li/a]
Session ID: 2c7c4fa8-7241-4356-a50b-7470399bf57f
	at sun.reflect.NativeConstructorAccessorImpl.newInstance0(Native Method)
	at sun.reflect.NativeConstructorAccessorImpl.newInstance(NativeConstructorAccessorImpl.java:62)
	at sun.reflect.DelegatingConstructorAccessorImpl.newInstance(DelegatingConstructorAccessorImpl.java:45)
	at java.lang.reflect.Constructor.newInstance(Constructor.java:423)
	at org.openqa.selenium.remote.codec.w3c.W3CHttpResponseCodec.createException(W3CHttpResponseCodec.java:200)
	at org.openqa.selenium.remote.codec.w3c.W3CHttpResponseCodec.decode(W3CHttpResponseCodec.java:133)
	at org.openqa.selenium.remote.codec.w3c.W3CHttpResponseCodec.decode(W3CHttpResponseCodec.java:52)
	at org.openqa.selenium.remote.HttpCommandExecutor.execute(HttpCommandExecutor.java:191)
	at org.openqa.selenium.remote.service.DriverCommandExecutor.invokeExecute(DriverCommandExecutor.java:196)
	at org.openqa.selenium.remote.service.DriverCommandExecutor.execute(DriverCommandExecutor.java:171)
	at org.openqa.selenium.remote.RemoteWebDriver.execute(RemoteWebDriver.java:518)
	at org.openqa.selenium.remote.RemoteWebElement.execute(RemoteWebElement.java:224)
	at org.openqa.selenium.remote.RemoteWebElement.click(RemoteWebElement.java:77)
	at UtilityClass.ActionsMethod.Click(ActionsMethod.java:31)
	at Pom.Registerpage.selectLaunage(Registerpage.java:366)
	at TestScript.TestRegister.VerifyRegisterPage(TestRegister.java:120)
	at sun.reflect.NativeMethodAccessorImpl.invoke0(Native Method)
	at sun.reflect.NativeMethodAccessorImpl.invoke(NativeMethodAccessorImpl.java:62)
	at sun.reflect.DelegatingMethodAccessorImpl.invoke(DelegatingMethodAccessorImpl.java:43)
	at java.lang.reflect.Method.invoke(Method.java:498)
	at org.testng.internal.MethodInvocationHelper.invokeMethod(MethodInvocationHelper.java:86)
	at org.testng.internal.Invoker.invokeMethod(Invoker.java:645)
	at org.testng.internal.Invoker.invokeTestMethod(Invoker.java:822)
	at org.testng.internal.Invoker.invokeTestMethods(Invoker.java:1130)
	at org.testng.internal.TestMethodWorker.invokeTestMethods(TestMethodWorker.java:129)
	at org.testng.internal.TestMethodWorker.run(TestMethodWorker.java:112)
	at org.testng.TestRunner.privateRun(TestRunner.java:782)
	at org.testng.TestRunner.run(TestRunner.java:632)
	at org.testng.SuiteRunner.runTest(SuiteRunner.java:366)
	at org.testng.SuiteRunner.runSequentially(SuiteRunner.java:361)
	at org.testng.SuiteRunner.privateRun(SuiteRunner.java:319)
	at org.testng.SuiteRunner.run(SuiteRunner.java:268)
	at org.testng.SuiteRunnerWorker.runSuite(SuiteRunnerWorker.java:52)
	at org.testng.SuiteRunnerWorker.run(SuiteRunnerWorker.java:86)
	at org.testng.TestNG.runSuitesSequentially(TestNG.java:1244)
	at org.testng.TestNG.runSuitesLocally(TestNG.java:1169)
	at org.testng.TestNG.run(TestNG.java:1064)
	at org.testng.remote.RemoteTestNG.run(RemoteTestNG.java:113)
	at org.testng.remote.RemoteTestNG.initAndRun(RemoteTestNG.java:206)
	at org.testng.remote.RemoteTestNG.main(RemoteTestNG.java:177)
]]>
    </error>
  </testcase> <!-- VerifyRegisterPage -->
  <testcase name="verifyRegisterPage" time="0.004" classname="TestScript.TestRegister"/>
  <testcase name="VerifyRegisterPage" time="4.895" classname="TestScript.TestRegister">
    <error type="org.openqa.selenium.ElementClickInterceptedException" message="Element &lt;a class=&quot;ui-corner-all&quot;&gt; is not clickable at point (619,721) because another element &lt;iframe id=&quot;aswift_2&quot; name=&quot;aswift_2&quot; src=&quot;https://googleads.g.doubleclick.net/pagead/html/r20240618/r20110914/zrt_lookup_fy2021.html#RS-0-&amp;adk=1812271801&amp;client=ca-pub-9173866185064071&amp;fa=1&amp;ifi=3&amp;uci=a!3&amp;btvi=1&quot;&gt; obscures it
Build info: version: &#039;4.11.0&#039;, revision: &#039;040bc5406b&#039;
System info: os.name: &#039;Windows 10&#039;, os.arch: &#039;amd64&#039;, os.version: &#039;10.0&#039;, java.version: &#039;1.8.0_202&#039;
Driver info: org.openqa.selenium.firefox.FirefoxDriver
Command: [2c7c4fa8-7241-4356-a50b-7470399bf57f, clickElement {id=2560a618-6e50-4185-96a3-231999f98502}]
Capabilities {acceptInsecureCerts: true, browserName: firefox, browserVersion: 127.0.1, moz:accessibilityChecks: false, moz:buildID: 20240618110440, moz:debuggerAddress: 127.0.0.1:47713, moz:geckodriverVersion: 0.34.0, moz:headless: false, moz:platformVersion: 10.0, moz:processID: 22432, moz:profile: C:\Users\hp\AppData\Local\T..., moz:shutdownTimeout: 60000, moz:webdriverClick: true, moz:windowless: false, pageLoadStrategy: normal, platformName: windows, proxy: Proxy(), se:cdp: ws://127.0.0.1:47713/devtoo..., se:cdpVersion: 85.0, setWindowRect: true, strictFileInteractability: false, timeouts: {implicit: 0, pageLoad: 300000, script: 30000}, unhandledPromptBehavior: dismiss and notify, userAgent: Mozilla/5.0 (Windows NT 10....}
Element: [[FirefoxDriver: firefox on windows (2c7c4fa8-7241-4356-a50b-7470399bf57f)] -&gt; xpath: //form[@id=&#039;basicBootstrapForm&#039;]/div[7]//div/multi-select/div[2]/ul/li/a]
Session ID: 2c7c4fa8-7241-4356-a50b-7470399bf57f">
      <![CDATA[org.openqa.selenium.ElementClickInterceptedException: Element <a class="ui-corner-all"> is not clickable at point (619,721) because another element <iframe id="aswift_2" name="aswift_2" src="https://googleads.g.doubleclick.net/pagead/html/r20240618/r20110914/zrt_lookup_fy2021.html#RS-0-&adk=1812271801&client=ca-pub-9173866185064071&fa=1&ifi=3&uci=a!3&btvi=1"> obscures it
Build info: version: '4.11.0', revision: '040bc5406b'
System info: os.name: 'Windows 10', os.arch: 'amd64', os.version: '10.0', java.version: '1.8.0_202'
Driver info: org.openqa.selenium.firefox.FirefoxDriver
Command: [2c7c4fa8-7241-4356-a50b-7470399bf57f, clickElement {id=2560a618-6e50-4185-96a3-231999f98502}]
Capabilities {acceptInsecureCerts: true, browserName: firefox, browserVersion: 127.0.1, moz:accessibilityChecks: false, moz:buildID: 20240618110440, moz:debuggerAddress: 127.0.0.1:47713, moz:geckodriverVersion: 0.34.0, moz:headless: false, moz:platformVersion: 10.0, moz:processID: 22432, moz:profile: C:\Users\hp\AppData\Local\T..., moz:shutdownTimeout: 60000, moz:webdriverClick: true, moz:windowless: false, pageLoadStrategy: normal, platformName: windows, proxy: Proxy(), se:cdp: ws://127.0.0.1:47713/devtoo..., se:cdpVersion: 85.0, setWindowRect: true, strictFileInteractability: false, timeouts: {implicit: 0, pageLoad: 300000, script: 30000}, unhandledPromptBehavior: dismiss and notify, userAgent: Mozilla/5.0 (Windows NT 10....}
Element: [[FirefoxDriver: firefox on windows (2c7c4fa8-7241-4356-a50b-7470399bf57f)] -> xpath: //form[@id='basicBootstrapForm']/div[7]//div/multi-select/div[2]/ul/li/a]
Session ID: 2c7c4fa8-7241-4356-a50b-7470399bf57f
	at sun.reflect.NativeConstructorAccessorImpl.newInstance0(Native Method)
	at sun.reflect.NativeConstructorAccessorImpl.newInstance(NativeConstructorAccessorImpl.java:62)
	at sun.reflect.DelegatingConstructorAccessorImpl.newInstance(DelegatingConstructorAccessorImpl.java:45)
	at java.lang.reflect.Constructor.newInstance(Constructor.java:423)
	at org.openqa.selenium.remote.codec.w3c.W3CHttpResponseCodec.createException(W3CHttpResponseCodec.java:200)
	at org.openqa.selenium.remote.codec.w3c.W3CHttpResponseCodec.decode(W3CHttpResponseCodec.java:133)
	at org.openqa.selenium.remote.codec.w3c.W3CHttpResponseCodec.decode(W3CHttpResponseCodec.java:52)
	at org.openqa.selenium.remote.HttpCommandExecutor.execute(HttpCommandExecutor.java:191)
	at org.openqa.selenium.remote.service.DriverCommandExecutor.invokeExecute(DriverCommandExecutor.java:196)
	at org.openqa.selenium.remote.service.DriverCommandExecutor.execute(DriverCommandExecutor.java:171)
	at org.openqa.selenium.remote.RemoteWebDriver.execute(RemoteWebDriver.java:518)
	at org.openqa.selenium.remote.RemoteWebElement.execute(RemoteWebElement.java:224)
	at org.openqa.selenium.remote.RemoteWebElement.click(RemoteWebElement.java:77)
	at UtilityClass.ActionsMethod.Click(ActionsMethod.java:31)
	at Pom.Registerpage.selectLaunage(Registerpage.java:366)
	at TestScript.TestRegister.VerifyRegisterPage(TestRegister.java:120)
	at sun.reflect.NativeMethodAccessorImpl.invoke0(Native Method)
	at sun.reflect.NativeMethodAccessorImpl.invoke(NativeMethodAccessorImpl.java:62)
	at sun.reflect.DelegatingMethodAccessorImpl.invoke(DelegatingMethodAccessorImpl.java:43)
	at java.lang.reflect.Method.invoke(Method.java:498)
	at org.testng.internal.MethodInvocationHelper.invokeMethod(MethodInvocationHelper.java:86)
	at org.testng.internal.Invoker.invokeMethod(Invoker.java:645)
	at org.testng.internal.Invoker.invokeTestMethod(Invoker.java:822)
	at org.testng.internal.Invoker.invokeTestMethods(Invoker.java:1130)
	at org.testng.internal.TestMethodWorker.invokeTestMethods(TestMethodWorker.java:129)
	at org.testng.internal.TestMethodWorker.run(TestMethodWorker.java:112)
	at org.testng.TestRunner.privateRun(TestRunner.java:782)
	at org.testng.TestRunner.run(TestRunner.java:632)
	at org.testng.SuiteRunner.runTest(SuiteRunner.java:366)
	at org.testng.SuiteRunner.runSequentially(SuiteRunner.java:361)
	at org.testng.SuiteRunner.privateRun(SuiteRunner.java:319)
	at org.testng.SuiteRunner.run(SuiteRunner.java:268)
	at org.testng.SuiteRunnerWorker.runSuite(SuiteRunnerWorker.java:52)
	at org.testng.SuiteRunnerWorker.run(SuiteRunnerWorker.java:86)
	at org.testng.TestNG.runSuitesSequentially(TestNG.java:1244)
	at org.testng.TestNG.runSuitesLocally(TestNG.java:1169)
	at org.testng.TestNG.run(TestNG.java:1064)
	at org.testng.remote.RemoteTestNG.run(RemoteTestNG.java:113)
	at org.testng.remote.RemoteTestNG.initAndRun(RemoteTestNG.java:206)
	at org.testng.remote.RemoteTestNG.main(RemoteTestNG.java:177)
]]>
    </error>
  </testcase> <!-- VerifyRegisterPage -->
  <testcase name="VerifyRegisterPage" time="4.377" classname="TestScript.TestRegister">
    <error type="org.openqa.selenium.ElementClickInterceptedException" message="Element &lt;a class=&quot;ui-corner-all&quot;&gt; is not clickable at point (619,722) because another element &lt;iframe id=&quot;aswift_2&quot; name=&quot;aswift_2&quot; src=&quot;https://googleads.g.doubleclick.net/pagead/html/r20240618/r20110914/zrt_lookup_fy2021.html#RS-0-&amp;adk=1812271801&amp;client=ca-pub-9173866185064071&amp;fa=1&amp;ifi=3&amp;uci=a!3&amp;btvi=1&quot;&gt; obscures it
Build info: version: &#039;4.11.0&#039;, revision: &#039;040bc5406b&#039;
System info: os.name: &#039;Windows 10&#039;, os.arch: &#039;amd64&#039;, os.version: &#039;10.0&#039;, java.version: &#039;1.8.0_202&#039;
Driver info: org.openqa.selenium.firefox.FirefoxDriver
Command: [2c7c4fa8-7241-4356-a50b-7470399bf57f, clickElement {id=7a5daea8-c700-4bec-8184-820774993213}]
Capabilities {acceptInsecureCerts: true, browserName: firefox, browserVersion: 127.0.1, moz:accessibilityChecks: false, moz:buildID: 20240618110440, moz:debuggerAddress: 127.0.0.1:47713, moz:geckodriverVersion: 0.34.0, moz:headless: false, moz:platformVersion: 10.0, moz:processID: 22432, moz:profile: C:\Users\hp\AppData\Local\T..., moz:shutdownTimeout: 60000, moz:webdriverClick: true, moz:windowless: false, pageLoadStrategy: normal, platformName: windows, proxy: Proxy(), se:cdp: ws://127.0.0.1:47713/devtoo..., se:cdpVersion: 85.0, setWindowRect: true, strictFileInteractability: false, timeouts: {implicit: 0, pageLoad: 300000, script: 30000}, unhandledPromptBehavior: dismiss and notify, userAgent: Mozilla/5.0 (Windows NT 10....}
Element: [[FirefoxDriver: firefox on windows (2c7c4fa8-7241-4356-a50b-7470399bf57f)] -&gt; xpath: //form[@id=&#039;basicBootstrapForm&#039;]/div[7]//div/multi-select/div[2]/ul/li/a]
Session ID: 2c7c4fa8-7241-4356-a50b-7470399bf57f">
      <![CDATA[org.openqa.selenium.ElementClickInterceptedException: Element <a class="ui-corner-all"> is not clickable at point (619,722) because another element <iframe id="aswift_2" name="aswift_2" src="https://googleads.g.doubleclick.net/pagead/html/r20240618/r20110914/zrt_lookup_fy2021.html#RS-0-&adk=1812271801&client=ca-pub-9173866185064071&fa=1&ifi=3&uci=a!3&btvi=1"> obscures it
Build info: version: '4.11.0', revision: '040bc5406b'
System info: os.name: 'Windows 10', os.arch: 'amd64', os.version: '10.0', java.version: '1.8.0_202'
Driver info: org.openqa.selenium.firefox.FirefoxDriver
Command: [2c7c4fa8-7241-4356-a50b-7470399bf57f, clickElement {id=7a5daea8-c700-4bec-8184-820774993213}]
Capabilities {acceptInsecureCerts: true, browserName: firefox, browserVersion: 127.0.1, moz:accessibilityChecks: false, moz:buildID: 20240618110440, moz:debuggerAddress: 127.0.0.1:47713, moz:geckodriverVersion: 0.34.0, moz:headless: false, moz:platformVersion: 10.0, moz:processID: 22432, moz:profile: C:\Users\hp\AppData\Local\T..., moz:shutdownTimeout: 60000, moz:webdriverClick: true, moz:windowless: false, pageLoadStrategy: normal, platformName: windows, proxy: Proxy(), se:cdp: ws://127.0.0.1:47713/devtoo..., se:cdpVersion: 85.0, setWindowRect: true, strictFileInteractability: false, timeouts: {implicit: 0, pageLoad: 300000, script: 30000}, unhandledPromptBehavior: dismiss and notify, userAgent: Mozilla/5.0 (Windows NT 10....}
Element: [[FirefoxDriver: firefox on windows (2c7c4fa8-7241-4356-a50b-7470399bf57f)] -> xpath: //form[@id='basicBootstrapForm']/div[7]//div/multi-select/div[2]/ul/li/a]
Session ID: 2c7c4fa8-7241-4356-a50b-7470399bf57f
	at sun.reflect.NativeConstructorAccessorImpl.newInstance0(Native Method)
	at sun.reflect.NativeConstructorAccessorImpl.newInstance(NativeConstructorAccessorImpl.java:62)
	at sun.reflect.DelegatingConstructorAccessorImpl.newInstance(DelegatingConstructorAccessorImpl.java:45)
	at java.lang.reflect.Constructor.newInstance(Constructor.java:423)
	at org.openqa.selenium.remote.codec.w3c.W3CHttpResponseCodec.createException(W3CHttpResponseCodec.java:200)
	at org.openqa.selenium.remote.codec.w3c.W3CHttpResponseCodec.decode(W3CHttpResponseCodec.java:133)
	at org.openqa.selenium.remote.codec.w3c.W3CHttpResponseCodec.decode(W3CHttpResponseCodec.java:52)
	at org.openqa.selenium.remote.HttpCommandExecutor.execute(HttpCommandExecutor.java:191)
	at org.openqa.selenium.remote.service.DriverCommandExecutor.invokeExecute(DriverCommandExecutor.java:196)
	at org.openqa.selenium.remote.service.DriverCommandExecutor.execute(DriverCommandExecutor.java:171)
	at org.openqa.selenium.remote.RemoteWebDriver.execute(RemoteWebDriver.java:518)
	at org.openqa.selenium.remote.RemoteWebElement.execute(RemoteWebElement.java:224)
	at org.openqa.selenium.remote.RemoteWebElement.click(RemoteWebElement.java:77)
	at UtilityClass.ActionsMethod.Click(ActionsMethod.java:31)
	at Pom.Registerpage.selectLaunage(Registerpage.java:366)
	at TestScript.TestRegister.VerifyRegisterPage(TestRegister.java:120)
	at sun.reflect.NativeMethodAccessorImpl.invoke0(Native Method)
	at sun.reflect.NativeMethodAccessorImpl.invoke(NativeMethodAccessorImpl.java:62)
	at sun.reflect.DelegatingMethodAccessorImpl.invoke(DelegatingMethodAccessorImpl.java:43)
	at java.lang.reflect.Method.invoke(Method.java:498)
	at org.testng.internal.MethodInvocationHelper.invokeMethod(MethodInvocationHelper.java:86)
	at org.testng.internal.Invoker.invokeMethod(Invoker.java:645)
	at org.testng.internal.Invoker.invokeTestMethod(Invoker.java:822)
	at org.testng.internal.Invoker.invokeTestMethods(Invoker.java:1130)
	at org.testng.internal.TestMethodWorker.invokeTestMethods(TestMethodWorker.java:129)
	at org.testng.internal.TestMethodWorker.run(TestMethodWorker.java:112)
	at org.testng.TestRunner.privateRun(TestRunner.java:782)
	at org.testng.TestRunner.run(TestRunner.java:632)
	at org.testng.SuiteRunner.runTest(SuiteRunner.java:366)
	at org.testng.SuiteRunner.runSequentially(SuiteRunner.java:361)
	at org.testng.SuiteRunner.privateRun(SuiteRunner.java:319)
	at org.testng.SuiteRunner.run(SuiteRunner.java:268)
	at org.testng.SuiteRunnerWorker.runSuite(SuiteRunnerWorker.java:52)
	at org.testng.SuiteRunnerWorker.run(SuiteRunnerWorker.java:86)
	at org.testng.TestNG.runSuitesSequentially(TestNG.java:1244)
	at org.testng.TestNG.runSuitesLocally(TestNG.java:1169)
	at org.testng.TestNG.run(TestNG.java:1064)
	at org.testng.remote.RemoteTestNG.run(RemoteTestNG.java:113)
	at org.testng.remote.RemoteTestNG.initAndRun(RemoteTestNG.java:206)
	at org.testng.remote.RemoteTestNG.main(RemoteTestNG.java:177)
]]>
    </error>
  </testcase> <!-- VerifyRegisterPage -->
</testsuite> <!-- TestScript.TestRegister -->
