<?xml version="1.0" encoding="UTF-8"?>
<!-- Generated by org.testng.reporters.JUnitReportReporter -->
<testsuite hostname="LAPTOP-G790OGBU" name="TestScript.TestRegisterPage" tests="2" failures="0" timestamp="16 May 2024 12:33:08 GMT" time="0.008" errors="1">
  <testcase name="RegPage" time="0.000" classname="TestScript.TestRegisterPage">
    <error type="java.lang.RuntimeException" message="java.lang.RuntimeException: FileNotFound: D:\Vaibhav Study\Software Testing\Automation Testing\eclipse\DemoProject\src\test\resources\ExcelSheet\TestData.xlsx">
      <![CDATA[java.lang.RuntimeException: java.lang.RuntimeException: FileNotFound: D:\Vaibhav Study\Software Testing\Automation Testing\eclipse\DemoProject\src\test\resources\ExcelSheet\TestData.xlsx
	at org.testng.internal.MethodInvocationHelper.invokeDataProvider(MethodInvocationHelper.java:163)
	at org.testng.internal.Parameters.handleParameters(Parameters.java:430)
	at org.testng.internal.Invoker.handleParameters(Invoker.java:1276)
	at org.testng.internal.Invoker.createParameters(Invoker.java:991)
	at org.testng.internal.Invoker.invokeTestMethods(Invoker.java:1081)
	at org.testng.internal.TestMethodWorker.invokeTestMethods(TestMethodWorker.java:129)
	at org.testng.internal.TestMethodWorker.run(TestMethodWorker.java:112)
	at org.testng.TestRunner.privateRun(TestRunner.java:782)
	at org.testng.TestRunner.run(TestRunner.java:632)
	at org.testng.SuiteRunner.runTest(SuiteRunner.java:366)
	at org.testng.SuiteRunner.runSequentially(SuiteRunner.java:361)
	at org.testng.SuiteRunner.privateRun(SuiteRunner.java:319)
	at org.testng.SuiteRunner.run(SuiteRunner.java:268)
	at org.testng.SuiteRunnerWorker.runSuite(SuiteRunnerWorker.java:52)
	at org.testng.SuiteRunnerWorker.run(SuiteRunnerWorker.java:86)
	at org.testng.TestNG.runSuitesSequentially(TestNG.java:1244)
	at org.testng.TestNG.runSuitesLocally(TestNG.java:1169)
	at org.testng.TestNG.run(TestNG.java:1064)
	at org.testng.remote.RemoteTestNG.run(RemoteTestNG.java:113)
	at org.testng.remote.RemoteTestNG.initAndRun(RemoteTestNG.java:206)
	at org.testng.remote.RemoteTestNG.main(RemoteTestNG.java:177)
Caused by: java.lang.RuntimeException: FileNotFound: D:\Vaibhav Study\Software Testing\Automation Testing\eclipse\DemoProject\src\test\resources\ExcelSheet\TestData.xlsx
	at UtilityClass.ReadWriteFile.ReadFile(ReadWriteFile.java:31)
	at UtilityClass.DataDriven.readExcelSheet(DataDriven.java:35)
	at UtilityClass.DataDriven.readData(DataDriven.java:55)
	at TestScript.TestRegisterPage.GetData(TestRegisterPage.java:323)
	at sun.reflect.NativeMethodAccessorImpl.invoke0(Native Method)
	at sun.reflect.NativeMethodAccessorImpl.invoke(NativeMethodAccessorImpl.java:62)
	at sun.reflect.DelegatingMethodAccessorImpl.invoke(DelegatingMethodAccessorImpl.java:43)
	at java.lang.reflect.Method.invoke(Method.java:498)
	at org.testng.internal.MethodInvocationHelper.invokeMethod(MethodInvocationHelper.java:86)
	at org.testng.internal.MethodInvocationHelper.invokeDataProvider(MethodInvocationHelper.java:137)
	... 20 more
Caused by: java.io.FileNotFoundException: D:\Vaibhav Study\Software Testing\Automation Testing\eclipse\DemoProject\src\test\resources\ExcelSheet\TestData.xlsx (The system cannot find the path specified)
	at java.io.FileInputStream.open0(Native Method)
	at java.io.FileInputStream.open(FileInputStream.java:195)
	at java.io.FileInputStream.<init>(FileInputStream.java:138)
	at UtilityClass.ReadWriteFile.ReadFile(ReadWriteFile.java:25)
	... 29 more
]]>
    </error>
  </testcase> <!-- RegPage -->
  <testcase name="VerifyBrowser" time="0.008" classname="TestScript.TestRegisterPage"/>
</testsuite> <!-- TestScript.TestRegisterPage -->
